2024-04-06 06:05:07,375 [INFO] Activator:170 - 


2024-04-06 06:05:07,378 [INFO] Activator:171 - !SESSION log4j initialized
2024-04-06 06:05:37,877 [INFO] McuFinderGlobals:40 - Set McuFinder mode to 2 (CubeIDE integrated)
2024-04-06 06:05:38,131 [INFO] ApplicationProperties:181 - Using Application install path: C:\ST\STM32CubeIDE_1.5.1_install\STM32CubeIDE\plugins\com.st.stm32cube.common.mx_6.1.1.202012091304
2024-04-06 06:05:38,191 [INFO] DbMcusXml:71 - Set database path to: C:\ST\STM32CubeIDE_1.5.1_install\STM32CubeIDE\plugins\com.st.stm32cube.common.mx_6.1.1.202012091304\\db\/mcu/
2024-04-06 06:05:38,197 [INFO] DbBoardsPdsc:57 - Set plugin database path to: C:\ST\STM32CubeIDE_1.5.1_install\STM32CubeIDE\plugins\com.st.stm32cube.common.mx_6.1.1.202012091304\\db\/plugins/boardmanager/
2024-04-06 06:05:38,198 [INFO] DbMcus:259 - Set plugin images path to: C:\ST\STM32CubeIDE_1.5.1_install\STM32CubeIDE\plugins\com.st.stm32cube.common.mx_6.1.1.202012091304\\db\/plugins/mcufinder/images/
2024-04-06 06:05:38,199 [INFO] DbBoards:265 - Set plugin images path to: C:\ST\STM32CubeIDE_1.5.1_install\STM32CubeIDE\plugins\com.st.stm32cube.common.mx_6.1.1.202012091304\\db\/plugins/mcufinder/images/
2024-04-06 06:05:38,202 [INFO] DbExamples:329 - Set plugin images path to: C:\ST\STM32CubeIDE_1.5.1_install\STM32CubeIDE\plugins\com.st.stm32cube.common.mx_6.1.1.202012091304\\db\/plugins/mcufinder/images/
2024-04-06 06:05:38,214 [INFO] DbMcusDocs:112 - Set database path to: C:\Users\PATRICK A JOSEPH\.stmcufinder\plugins\mcufinder//mcu/
2024-04-06 06:05:38,216 [INFO] DbMcusJson:63 - Set database path to: C:\Users\PATRICK A JOSEPH\.stmcufinder\plugins\mcufinder//mcu/
2024-04-06 06:05:38,217 [INFO] DbBoardsDocs:112 - Set database path to: C:\Users\PATRICK A JOSEPH\.stmcufinder\plugins\mcufinder//mcu/
2024-04-06 06:05:38,219 [INFO] DbBoardsJson:56 - Set database path to: C:\Users\PATRICK A JOSEPH\.stmcufinder\plugins\mcufinder//mcu/
2024-04-06 06:05:38,232 [INFO] CrossReferenceDbSqlite:196 - Set database path to: C:\Users\PATRICK A JOSEPH\.stmcufinder\plugins\mcufinder//mcu/cs/
2024-04-06 06:05:38,237 [INFO] DbExamplesSqlite:699 - Set database path to: C:\Users\PATRICK A JOSEPH\.stmcufinder\plugins\mcufinder//mcu/
2024-04-06 06:05:38,407 [INFO] RulesReader:52 - Compatibility file has been processed (228 Rules)
2024-04-06 06:05:38,542 [INFO] MicroXplorer:565 - Detected Java Version = 1.8.0_272
2024-04-06 06:05:38,542 [INFO] DbMcusXml:71 - Set database path to: C:\ST\STM32CubeIDE_1.5.1_install\STM32CubeIDE\plugins\com.st.stm32cube.common.mx_6.1.1.202012091304\\db\/mcu/
2024-04-06 06:05:38,544 [INFO] DbBoardsPdsc:57 - Set plugin database path to: C:\ST\STM32CubeIDE_1.5.1_install\STM32CubeIDE\plugins\com.st.stm32cube.common.mx_6.1.1.202012091304\\db\/plugins/boardmanager/
2024-04-06 06:05:38,544 [INFO] DbMcus:259 - Set plugin images path to: C:\ST\STM32CubeIDE_1.5.1_install\STM32CubeIDE\plugins\com.st.stm32cube.common.mx_6.1.1.202012091304\\db\/plugins/mcufinder/images/
2024-04-06 06:05:38,545 [INFO] DbBoards:265 - Set plugin images path to: C:\ST\STM32CubeIDE_1.5.1_install\STM32CubeIDE\plugins\com.st.stm32cube.common.mx_6.1.1.202012091304\\db\/plugins/mcufinder/images/
2024-04-06 06:05:38,545 [INFO] DbExamples:329 - Set plugin images path to: C:\ST\STM32CubeIDE_1.5.1_install\STM32CubeIDE\plugins\com.st.stm32cube.common.mx_6.1.1.202012091304\\db\/plugins/mcufinder/images/
2024-04-06 06:05:38,546 [WARN] DbFile:36 - Overriding database path with different value: C:\Users\PATRICK A JOSEPH\.stmcufinder\plugins\mcufinder/ => C:\Users\PATRICK A JOSEPH\.stmcufinder\plugins\mcufinder
2024-04-06 06:05:38,547 [INFO] DbMcusDocs:112 - Set database path to: C:\Users\PATRICK A JOSEPH\.stmcufinder\plugins\mcufinder//mcu/
2024-04-06 06:05:38,547 [WARN] DbFile:36 - Overriding database path with different value: C:\Users\PATRICK A JOSEPH\.stmcufinder\plugins\mcufinder/ => C:\Users\PATRICK A JOSEPH\.stmcufinder\plugins\mcufinder
2024-04-06 06:05:38,547 [INFO] DbMcusJson:63 - Set database path to: C:\Users\PATRICK A JOSEPH\.stmcufinder\plugins\mcufinder//mcu/
2024-04-06 06:05:38,548 [WARN] DbFile:36 - Overriding database path with different value: C:\Users\PATRICK A JOSEPH\.stmcufinder\plugins\mcufinder/ => C:\Users\PATRICK A JOSEPH\.stmcufinder\plugins\mcufinder
2024-04-06 06:05:38,548 [INFO] DbBoardsDocs:112 - Set database path to: C:\Users\PATRICK A JOSEPH\.stmcufinder\plugins\mcufinder//mcu/
2024-04-06 06:05:38,549 [WARN] DbFile:36 - Overriding database path with different value: C:\Users\PATRICK A JOSEPH\.stmcufinder\plugins\mcufinder/ => C:\Users\PATRICK A JOSEPH\.stmcufinder\plugins\mcufinder
2024-04-06 06:05:38,549 [INFO] DbBoardsJson:56 - Set database path to: C:\Users\PATRICK A JOSEPH\.stmcufinder\plugins\mcufinder//mcu/
2024-04-06 06:05:38,549 [WARN] DbFile:36 - Overriding database path with different value: C:\Users\PATRICK A JOSEPH\.stmcufinder\plugins\mcufinder/ => C:\Users\PATRICK A JOSEPH\.stmcufinder\plugins\mcufinder
2024-04-06 06:05:38,549 [WARN] DbFile:36 - Overriding database path with different value: C:\Users\PATRICK A JOSEPH\.stmcufinder\plugins\mcufinder/ => C:\Users\PATRICK A JOSEPH\.stmcufinder\plugins\mcufinder
2024-04-06 06:05:38,549 [INFO] CrossReferenceDbSqlite:196 - Set database path to: C:\Users\PATRICK A JOSEPH\.stmcufinder\plugins\mcufinder//mcu/cs/
2024-04-06 06:05:38,550 [WARN] DbFile:36 - Overriding database path with different value: C:\Users\PATRICK A JOSEPH\.stmcufinder\plugins\mcufinder/ => C:\Users\PATRICK A JOSEPH\.stmcufinder\plugins\mcufinder
2024-04-06 06:05:38,550 [INFO] DbExamplesSqlite:699 - Set database path to: C:\Users\PATRICK A JOSEPH\.stmcufinder\plugins\mcufinder//mcu/
2024-04-06 06:05:38,651 [INFO] MainPanel:190 - HeapMemory: 268435456
2024-04-06 06:05:38,784 [INFO] DbMcusXml:71 - Set database path to: C:\ST\STM32CubeIDE_1.5.1_install\STM32CubeIDE\plugins\com.st.stm32cube.common.mx_6.1.1.202012091304\\db\/mcu/
2024-04-06 06:05:38,784 [INFO] DbBoardsPdsc:57 - Set plugin database path to: C:\ST\STM32CubeIDE_1.5.1_install\STM32CubeIDE\plugins\com.st.stm32cube.common.mx_6.1.1.202012091304\\db\/plugins/boardmanager/
2024-04-06 06:05:38,785 [INFO] DbMcus:259 - Set plugin images path to: C:\ST\STM32CubeIDE_1.5.1_install\STM32CubeIDE\plugins\com.st.stm32cube.common.mx_6.1.1.202012091304\\db\/plugins/mcufinder/images/
2024-04-06 06:05:38,786 [INFO] DbBoards:265 - Set plugin images path to: C:\ST\STM32CubeIDE_1.5.1_install\STM32CubeIDE\plugins\com.st.stm32cube.common.mx_6.1.1.202012091304\\db\/plugins/mcufinder/images/
2024-04-06 06:05:38,786 [INFO] DbExamples:329 - Set plugin images path to: C:\ST\STM32CubeIDE_1.5.1_install\STM32CubeIDE\plugins\com.st.stm32cube.common.mx_6.1.1.202012091304\\db\/plugins/mcufinder/images/
2024-04-06 06:05:38,787 [WARN] DbFile:36 - Overriding database path with different value: C:\Users\PATRICK A JOSEPH\.stmcufinder\plugins\mcufinder/ => C:\Users\PATRICK A JOSEPH\.stmcufinder\plugins\mcufinder
2024-04-06 06:05:38,788 [INFO] DbMcusDocs:112 - Set database path to: C:\Users\PATRICK A JOSEPH\.stmcufinder\plugins\mcufinder//mcu/
2024-04-06 06:05:38,788 [WARN] DbFile:36 - Overriding database path with different value: C:\Users\PATRICK A JOSEPH\.stmcufinder\plugins\mcufinder/ => C:\Users\PATRICK A JOSEPH\.stmcufinder\plugins\mcufinder
2024-04-06 06:05:38,788 [INFO] DbMcusJson:63 - Set database path to: C:\Users\PATRICK A JOSEPH\.stmcufinder\plugins\mcufinder//mcu/
2024-04-06 06:05:38,788 [WARN] DbFile:36 - Overriding database path with different value: C:\Users\PATRICK A JOSEPH\.stmcufinder\plugins\mcufinder/ => C:\Users\PATRICK A JOSEPH\.stmcufinder\plugins\mcufinder
2024-04-06 06:05:38,789 [INFO] DbBoardsDocs:112 - Set database path to: C:\Users\PATRICK A JOSEPH\.stmcufinder\plugins\mcufinder//mcu/
2024-04-06 06:05:38,789 [WARN] DbFile:36 - Overriding database path with different value: C:\Users\PATRICK A JOSEPH\.stmcufinder\plugins\mcufinder/ => C:\Users\PATRICK A JOSEPH\.stmcufinder\plugins\mcufinder
2024-04-06 06:05:38,789 [INFO] DbBoardsJson:56 - Set database path to: C:\Users\PATRICK A JOSEPH\.stmcufinder\plugins\mcufinder//mcu/
2024-04-06 06:05:38,789 [WARN] DbFile:36 - Overriding database path with different value: C:\Users\PATRICK A JOSEPH\.stmcufinder\plugins\mcufinder/ => C:\Users\PATRICK A JOSEPH\.stmcufinder\plugins\mcufinder
2024-04-06 06:05:38,789 [WARN] DbFile:36 - Overriding database path with different value: C:\Users\PATRICK A JOSEPH\.stmcufinder\plugins\mcufinder/ => C:\Users\PATRICK A JOSEPH\.stmcufinder\plugins\mcufinder
2024-04-06 06:05:38,790 [INFO] CrossReferenceDbSqlite:196 - Set database path to: C:\Users\PATRICK A JOSEPH\.stmcufinder\plugins\mcufinder//mcu/cs/
2024-04-06 06:05:38,790 [WARN] DbFile:36 - Overriding database path with different value: C:\Users\PATRICK A JOSEPH\.stmcufinder\plugins\mcufinder/ => C:\Users\PATRICK A JOSEPH\.stmcufinder\plugins\mcufinder
2024-04-06 06:05:38,790 [INFO] DbExamplesSqlite:699 - Set database path to: C:\Users\PATRICK A JOSEPH\.stmcufinder\plugins\mcufinder//mcu/
2024-04-06 06:05:38,824 [INFO] ApplicationProperties:181 - Using Application install path: C:\ST\STM32CubeIDE_1.5.1_install\STM32CubeIDE\plugins\com.st.stm32cube.common.mx_6.1.1.202012091304
2024-04-06 06:05:38,826 [INFO] PluginManage:178 - Search for loadable plugins [exclusion list=, ]
2024-04-06 06:05:38,828 [INFO] PluginManage:292 - Check plugin analytics
2024-04-06 06:05:43,613 [INFO] AnalyticsPlugin:225 - Accepted Software Licenses: 
2024-04-06 06:05:43,613 [INFO] AnalyticsPlugin:227 - Accepted CMSIS Pack Licenses: 
2024-04-06 06:05:43,613 [INFO] AnalyticsPlugin:229 - Accepted Firmware Licenses: FW.F4.1.28.0
2024-04-06 06:05:43,616 [INFO] PluginManage:342 - Loaded plugin analytics (category:tool,tabindex:-1)
2024-04-06 06:05:43,617 [INFO] PluginManage:292 - Check plugin clock
2024-04-06 06:05:43,660 [INFO] PluginManage:342 - Loaded plugin clock (category:base,tabindex:2)
2024-04-06 06:05:43,661 [INFO] PluginManage:292 - Check plugin ddr
2024-04-06 06:05:43,666 [INFO] PluginManage:342 - Loaded plugin ddr (category:tool,tabindex:6)
2024-04-06 06:05:43,666 [INFO] PluginManage:292 - Check plugin filemanager
2024-04-06 06:05:44,034 [INFO] PluginManage:342 - Loaded plugin filemanager (category:base,tabindex:10)
2024-04-06 06:05:44,035 [INFO] PluginManage:292 - Check plugin ipmanager
2024-04-06 06:05:44,049 [INFO] PluginManage:342 - Loaded plugin ipmanager (category:base,tabindex:5)
2024-04-06 06:05:44,049 [INFO] PluginManage:292 - Check plugin pinoutandconfiguration
2024-04-06 06:05:44,064 [INFO] PluginManage:342 - Loaded plugin pinoutandconfiguration (category:base,tabindex:1)
2024-04-06 06:05:44,065 [INFO] PluginManage:292 - Check plugin pinoutconfig
2024-04-06 06:05:44,103 [INFO] PluginManage:342 - Loaded plugin pinoutconfig (category:base,tabindex:0)
2024-04-06 06:05:44,104 [INFO] PluginManage:292 - Check plugin power
2024-04-06 06:05:44,125 [INFO] PluginManage:342 - Loaded plugin power (category:power,tabindex:4)
2024-04-06 06:05:44,126 [INFO] PluginManage:292 - Check plugin projectmanager
2024-04-06 06:05:44,155 [INFO] PluginManage:342 - Loaded plugin projectmanager (category:projectmanager,tabindex:3)
2024-04-06 06:05:44,155 [INFO] PluginManage:292 - Check plugin thirdparty
2024-04-06 06:05:44,370 [INFO] PluginManage:342 - Loaded plugin thirdparty (category:base,tabindex:-1)
2024-04-06 06:05:44,371 [WARN] IntegrityCheckThread:59 - waiting for thirdparty lock release [integrity check]
2024-04-06 06:05:44,371 [INFO] PluginManage:292 - Check plugin tools
2024-04-06 06:05:44,372 [INFO] IntegrityCheckThread:61 - entering critical section [integrity check]
2024-04-06 06:05:44,373 [INFO] ThirdPartyUpdaterWithRetryManager:56 - Updater plugin not ready yet. [1/15]
2024-04-06 06:05:44,381 [INFO] PluginManage:342 - Loaded plugin tools (category:base,tabindex:7)
2024-04-06 06:05:44,381 [INFO] PluginManage:292 - Check plugin tutovideos
2024-04-06 06:05:44,758 [INFO] PluginManage:342 - Loaded plugin tutovideos (category:base,tabindex:-1)
2024-04-06 06:05:44,759 [INFO] PluginManage:292 - Check plugin updater
2024-04-06 06:05:44,786 [INFO] PluginManage:342 - Loaded plugin updater (category:base,tabindex:12)
2024-04-06 06:05:44,787 [INFO] PluginManage:265 - PluginManage : Loaded plugins [13]
2024-04-06 06:05:45,177 [INFO] PinOutPanel:1434 - setPackage(No Configuration,No Configuration)
2024-04-06 06:05:45,333 [INFO] IPUIPlugin:64 - create IPUIPlugin
2024-04-06 06:05:45,334 [INFO] PluginManager:203 - loadIPPluginJar : add adc
2024-04-06 06:05:45,340 [INFO] IPUIPlugin:64 - create IPUIPlugin
2024-04-06 06:05:45,341 [INFO] PluginManager:203 - loadIPPluginJar : add aes
2024-04-06 06:05:45,345 [INFO] IPUIPlugin:64 - create IPUIPlugin
2024-04-06 06:05:45,345 [INFO] PluginManager:203 - loadIPPluginJar : add can
2024-04-06 06:05:45,350 [INFO] IPUIPlugin:64 - create IPUIPlugin
2024-04-06 06:05:45,350 [INFO] PluginManager:203 - loadIPPluginJar : add comp
2024-04-06 06:05:45,354 [INFO] IPUIPlugin:64 - create IPUIPlugin
2024-04-06 06:05:45,354 [INFO] PluginManager:203 - loadIPPluginJar : add cryp
2024-04-06 06:05:45,357 [INFO] IPUIPlugin:64 - create IPUIPlugin
2024-04-06 06:05:45,358 [INFO] PluginManager:203 - loadIPPluginJar : add dfsdm
2024-04-06 06:05:45,366 [INFO] IPUIPlugin:64 - create IPUIPlugin
2024-04-06 06:05:45,367 [INFO] PluginManager:203 - loadIPPluginJar : add dma
2024-04-06 06:05:45,370 [INFO] IPUIPlugin:64 - create IPUIPlugin
2024-04-06 06:05:45,371 [INFO] PluginManager:203 - loadIPPluginJar : add fatfs
2024-04-06 06:05:45,381 [INFO] IPUIPlugin:64 - create IPUIPlugin
2024-04-06 06:05:45,383 [INFO] PluginManager:203 - loadIPPluginJar : add fmc
2024-04-06 06:05:45,394 [INFO] IPUIPlugin:64 - create IPUIPlugin
2024-04-06 06:05:45,395 [INFO] PluginManager:203 - loadIPPluginJar : add freertos
2024-04-06 06:05:45,398 [INFO] IPUIPlugin:64 - create IPUIPlugin
2024-04-06 06:05:45,399 [INFO] PluginManager:203 - loadIPPluginJar : add genericplugin
2024-04-06 06:05:45,403 [INFO] IPUIPlugin:64 - create IPUIPlugin
2024-04-06 06:05:45,404 [INFO] PluginManager:203 - loadIPPluginJar : add gfxmmu
2024-04-06 06:05:45,414 [INFO] IPUIPlugin:64 - create IPUIPlugin
2024-04-06 06:05:45,415 [INFO] PluginManager:203 - loadIPPluginJar : add gic
2024-04-06 06:05:45,421 [INFO] IPUIPlugin:64 - create IPUIPlugin
2024-04-06 06:05:45,421 [INFO] PluginManager:203 - loadIPPluginJar : add gpio
2024-04-06 06:05:45,426 [INFO] IPUIPlugin:64 - create IPUIPlugin
2024-04-06 06:05:45,427 [INFO] PluginManager:203 - loadIPPluginJar : add gtzc
2024-04-06 06:05:45,431 [INFO] IPUIPlugin:64 - create IPUIPlugin
2024-04-06 06:05:45,432 [INFO] PluginManager:203 - loadIPPluginJar : add hash
2024-04-06 06:05:45,438 [INFO] IPUIPlugin:64 - create IPUIPlugin
2024-04-06 06:05:45,438 [INFO] PluginManager:203 - loadIPPluginJar : add i2c
2024-04-06 06:05:45,444 [INFO] IPUIPlugin:64 - create IPUIPlugin
2024-04-06 06:05:45,444 [INFO] PluginManager:203 - loadIPPluginJar : add i2s
2024-04-06 06:05:45,450 [INFO] IPUIPlugin:64 - create IPUIPlugin
2024-04-06 06:05:45,450 [INFO] PluginManager:203 - loadIPPluginJar : add ipddr
2024-04-06 06:05:45,454 [INFO] IPUIPlugin:64 - create IPUIPlugin
2024-04-06 06:05:45,454 [INFO] PluginManager:203 - loadIPPluginJar : add lorawan
2024-04-06 06:05:45,458 [INFO] IPUIPlugin:64 - create IPUIPlugin
2024-04-06 06:05:45,459 [INFO] PluginManager:203 - loadIPPluginJar : add ltdc
2024-04-06 06:05:45,466 [INFO] IPUIPlugin:64 - create IPUIPlugin
2024-04-06 06:05:45,466 [INFO] PluginManager:203 - loadIPPluginJar : add mdma
2024-04-06 06:05:45,472 [INFO] IPUIPlugin:64 - create IPUIPlugin
2024-04-06 06:05:45,473 [INFO] PluginManager:203 - loadIPPluginJar : add nvic
2024-04-06 06:05:45,478 [INFO] IPUIPlugin:64 - create IPUIPlugin
2024-04-06 06:05:45,478 [INFO] PluginManager:203 - loadIPPluginJar : add opamp
2024-04-06 06:05:45,483 [INFO] IPUIPlugin:64 - create IPUIPlugin
2024-04-06 06:05:45,484 [INFO] PluginManager:203 - loadIPPluginJar : add openamp
2024-04-06 06:05:45,490 [INFO] IPUIPlugin:64 - create IPUIPlugin
2024-04-06 06:05:45,490 [INFO] PluginManager:203 - loadIPPluginJar : add pdm2pcm
2024-04-06 06:05:45,501 [INFO] IPUIPlugin:64 - create IPUIPlugin
2024-04-06 06:05:45,506 [INFO] PluginManager:203 - loadIPPluginJar : add plateformsettings
2024-04-06 06:05:45,511 [INFO] IPUIPlugin:64 - create IPUIPlugin
2024-04-06 06:05:45,511 [INFO] PluginManager:203 - loadIPPluginJar : add quadspi
2024-04-06 06:05:45,520 [INFO] IPUIPlugin:64 - create IPUIPlugin
2024-04-06 06:05:45,520 [INFO] PluginManager:203 - loadIPPluginJar : add resmgrutility
2024-04-06 06:05:45,529 [INFO] IPUIPlugin:64 - create IPUIPlugin
2024-04-06 06:05:45,529 [INFO] PluginManager:203 - loadIPPluginJar : add sai
2024-04-06 06:05:45,534 [INFO] IPUIPlugin:64 - create IPUIPlugin
2024-04-06 06:05:45,534 [INFO] PluginManager:203 - loadIPPluginJar : add spi
2024-04-06 06:05:45,542 [INFO] IPUIPlugin:64 - create IPUIPlugin
2024-04-06 06:05:45,543 [INFO] PluginManager:203 - loadIPPluginJar : add stm32_wpan
2024-04-06 06:05:45,548 [INFO] IPUIPlugin:64 - create IPUIPlugin
2024-04-06 06:05:45,548 [INFO] PluginManager:203 - loadIPPluginJar : add tim
2024-04-06 06:05:45,554 [INFO] IPUIPlugin:64 - create IPUIPlugin
2024-04-06 06:05:45,555 [INFO] PluginManager:203 - loadIPPluginJar : add touchsensing
2024-04-06 06:05:45,559 [INFO] IPUIPlugin:64 - create IPUIPlugin
2024-04-06 06:05:45,559 [INFO] PluginManager:203 - loadIPPluginJar : add tracer_emb
2024-04-06 06:05:45,562 [INFO] IPUIPlugin:64 - create IPUIPlugin
2024-04-06 06:05:45,562 [INFO] PluginManager:203 - loadIPPluginJar : add ts
2024-04-06 06:05:45,564 [INFO] IPUIPlugin:64 - create IPUIPlugin
2024-04-06 06:05:45,565 [INFO] PluginManager:203 - loadIPPluginJar : add tsc
2024-04-06 06:05:45,568 [INFO] IPUIPlugin:64 - create IPUIPlugin
2024-04-06 06:05:45,568 [INFO] PluginManager:203 - loadIPPluginJar : add ucpd
2024-04-06 06:05:45,573 [INFO] IPUIPlugin:64 - create IPUIPlugin
2024-04-06 06:05:45,573 [INFO] PluginManager:203 - loadIPPluginJar : add usart
2024-04-06 06:05:46,010 [FATAL] Updater:284 - Updater called before beeing initialized
2024-04-06 06:05:46,186 [FATAL] Updater:284 - Updater called before beeing initialized
2024-04-06 06:05:46,263 [WARN] DetailPanel:347 - Failed to get advertising image, set to default
2024-04-06 06:05:46,269 [FATAL] Updater:284 - Updater called before beeing initialized
2024-04-06 06:05:46,270 [WARN] DetailPanel:347 - Failed to get advertising image, set to default
2024-04-06 06:05:46,352 [FATAL] Updater:284 - Updater called before beeing initialized
2024-04-06 06:05:46,353 [WARN] ThirdParty:783 - waiting for thirdparty lock release [close project]
2024-04-06 06:05:47,388 [INFO] ThirdPartyUpdaterWithRetryManager:56 - Updater plugin not ready yet. [2/15]
2024-04-06 06:05:50,392 [FATAL] Updater:284 - Updater called before beeing initialized
2024-04-06 06:05:50,392 [ERROR] AbstractThirdPartyUpdaterManager:153 - java.lang.Integer cannot be cast to java.util.List
2024-04-06 06:05:50,393 [INFO] ThirdParty:887 - Integrity check success = false
2024-04-06 06:05:50,393 [INFO] IntegrityCheckThread:75 - exiting critical section [integrity check]
2024-04-06 06:05:50,394 [INFO] IntegrityCheckThread:78 - End integrity checks thread
2024-04-06 06:05:50,394 [INFO] ThirdParty:785 - entering critical section [close project]
2024-04-06 06:05:50,397 [INFO] ThirdParty:796 - exiting critical section [close project]
2024-04-06 06:05:50,405 [INFO] PinOutPanel:1434 - setPackage(No Configuration,No Configuration)
2024-04-06 06:05:50,406 [FATAL] Updater:284 - Updater called before beeing initialized
2024-04-06 06:05:50,433 [ERROR] Updater:1065 - MainUpdater not yet initialized. External WinMGr cannot be set.
2024-04-06 06:05:50,438 [INFO] Updater:1002 - Updater Version found : 6.1.1
2024-04-06 06:05:50,486 [INFO] ApplicationProperties:181 - Using Application install path: C:\ST\STM32CubeIDE_1.5.1_install\STM32CubeIDE\plugins\com.st.stm32cube.common.mx_6.1.1.202012091304
2024-04-06 06:05:51,503 [INFO] MainUpdater:2644 - connection check result : 10
2024-04-06 06:05:51,504 [INFO] MainUpdater:3332 - Updater definition file requires update
2024-04-06 06:05:51,507 [INFO] MainUpdater:249 - Updater Check For Update Now.
2024-04-06 06:05:51,507 [INFO] MicroXplorer:415 - Change Database Version : DB.6.0.10
2024-04-06 06:05:51,643 [INFO] ServerAccessManage:348 - Download File updaters.zip
2024-04-06 06:05:51,750 [INFO] FileExtend:225 - Unzip File : updaters.zip
2024-04-06 06:05:51,750 [INFO] FileExtend:240 - Standard Zip Deflate
2024-04-06 06:05:53,064 [INFO] ServerAccessManage:348 - Download File PacksControlFlags.xml
2024-04-06 06:05:53,294 [INFO] ServerAccessManage:348 - Download File cubemx.pidx
2024-04-06 06:05:54,900 [INFO] ServerAccessManage:348 - Download File STMicroelectronics.FP-SNS-MOTENV1.pdsc
2024-04-06 06:05:59,107 [INFO] ServerAccessManage:348 - Download File STMicroelectronics.X-CUBE-SAFEA1.pdsc
2024-04-06 06:06:01,123 [INFO] ServerAccessManage:348 - Download File STMicroelectronics.X-CUBE-TOUCHGFX.pdsc
2024-04-06 06:06:02,476 [INFO] MainUpdater:2644 - connection check result : 10
2024-04-06 06:06:14,009 [INFO] CrossSelectorPresenter:1330 - Cross Selector saved comparison directory: C:\Users\PATRICK A JOSEPH\.stmcufinder\plugins\mcufinder\mcu\cs_comparisons_mx
2024-04-06 06:06:14,020 [INFO] MultiScanPanel:198 - Auto-refresh data requested => check proxy status ongoing
2024-04-06 06:06:14,027 [INFO] FinderPluginLoader:87 - Searching for filters in installed packs
2024-04-06 06:06:14,031 [INFO] DbMcusXml:97 - Load MCU database from C:\ST\STM32CubeIDE_1.5.1_install\STM32CubeIDE\plugins\com.st.stm32cube.common.mx_6.1.1.202012091304\\db\/mcu/families.xml
2024-04-06 06:06:15,060 [INFO] DbMcusJson:92 - JSON generation date=Tue Nov 16 21:47:54 IST 2021 (1637079474)
2024-04-06 06:06:16,408 [INFO] DbMcus:176 - Found 1835 MCUs (1796 are supported by CubeMX, 1920 are visible in CubeMX)
2024-04-06 06:06:16,410 [INFO] ApiDb:238 - Load user favorites file C:\Users\PATRICK A JOSEPH/.stm32cubeide/favorites.mcus.txt: 0 item(s)
2024-04-06 06:06:16,411 [INFO] ApiDb:242 - User favorites MCUs=[]
2024-04-06 06:06:16,411 [INFO] DbMcus:188 - Set 0 / 0 favorites MCUs
2024-04-06 06:06:17,028 [WARN] DetailPanel:347 - Failed to get advertising image, set to default
2024-04-06 06:06:17,423 [INFO] McuFilterPanel:245 - Update 0 favorites MCUs
2024-04-06 06:06:17,553 [INFO] DbBoardsPdsc:91 - Found 24 items
2024-04-06 06:06:17,557 [INFO] DbBoardsPdsc:91 - Found 9 items
2024-04-06 06:06:17,563 [INFO] DbBoardsPdsc:91 - Found 32 items
2024-04-06 06:06:17,567 [INFO] DbBoardsPdsc:91 - Found 1 items
2024-04-06 06:06:17,574 [INFO] DbBoardsPdsc:91 - Found 45 items
2024-04-06 06:06:17,584 [INFO] DbBoardsPdsc:91 - Found 41 items
2024-04-06 06:06:17,588 [INFO] DbBoardsPdsc:91 - Found 2 items
2024-04-06 06:06:17,592 [INFO] DbBoardsPdsc:91 - Found 4 items
2024-04-06 06:06:17,602 [WARN] DbBoardsPdsc:255 - Board STM32H7B3I-DK: unknown feature type=Audio, name=, username=Audio stereo codec with Headphone Amp (CS42L51-CNZ), n=1
2024-04-06 06:06:17,603 [WARN] DbBoardsPdsc:255 - Board STM32H735G-DK: unknown feature type=Audio, name=, username=Audio stereo codec with Headphone Amp (WM8994ECS/R), n=1
2024-04-06 06:06:17,606 [WARN] DbBoardsPdsc:255 - Board STM32H7B3I-EVAL: unknown feature type=Audio, name=, username=Multi-Channel Audio Codec (CS42L51-CNZ), n=1
2024-04-06 06:06:17,606 [WARN] DbBoardsPdsc:255 - Board STM32H7B3I-EVAL: unknown feature type=Meter, name=, username=Power-metering and Temperature-monitoring with sigma-delta modulators, n=1
2024-04-06 06:06:17,607 [WARN] DbBoardsPdsc:255 - Board STM32H7B3I-EVAL: unknown feature type=Motor, name=, username=Motor Control, n=1
2024-04-06 06:06:17,638 [INFO] DbBoardsJson:85 - JSON generation date=Tue Nov 16 21:47:54 IST 2021 (1637079474)
2024-04-06 06:06:17,649 [INFO] DbBoards:118 - Found 168 boards (155 are supported by CubeMX)
2024-04-06 06:06:17,653 [INFO] DbBoardsDocs:145 - JSON generation date=Tue Nov 16 21:47:54 IST 2021 (1637079474)
2024-04-06 06:06:17,662 [INFO] DbBoardsDocs:81 - Found 209 boards documents
2024-04-06 06:06:17,663 [WARN] DbBoards:128 - board B-L475E-IOT01A2 has no document id list !
2024-04-06 06:06:17,665 [WARN] DbBoards:128 - board NUCLEO-H743ZI has no document id list !
2024-04-06 06:06:17,667 [WARN] DbBoards:128 - board NUCLEO-WL55JC1 has no document id list !
2024-04-06 06:06:17,668 [WARN] DbBoards:128 - board NUCLEO-WL55JC2 has no document id list !
2024-04-06 06:06:17,668 [WARN] DbBoards:128 - board P-NUCLEO-WB55-Nucleo has no document id list !
2024-04-06 06:06:17,668 [WARN] DbBoards:128 - board P-NUCLEO-WB55-USBDongle has no document id list !
2024-04-06 06:06:17,668 [WARN] DbBoards:128 - board STEVAL-BFA001V1B has no document id list !
2024-04-06 06:06:17,668 [WARN] DbBoards:128 - board STEVAL-BFA001V2B has no document id list !
2024-04-06 06:06:17,669 [WARN] DbBoards:128 - board STEVAL-IDP005V1 has no document id list !
2024-04-06 06:06:17,669 [WARN] DbBoards:128 - board STEVAL-IDP005V2 has no document id list !
2024-04-06 06:06:17,669 [WARN] DbBoards:128 - board STEVAL-MKSBOX1V1 has no document id list !
2024-04-06 06:06:17,670 [WARN] DbBoards:128 - board STEVAL-STWINKT1 has no document id list !
2024-04-06 06:06:17,670 [WARN] DbBoards:128 - board STEVAL-STWINKT1B has no document id list !
2024-04-06 06:06:17,670 [WARN] DbBoards:128 - board STM32439I-EVAL2 has no document id list !
2024-04-06 06:06:17,671 [WARN] DbBoards:128 - board STM32F401C-DISCO has no document id list !
2024-04-06 06:06:17,672 [WARN] DbBoards:128 - board STM32F769I-DISC1 has no document id list !
2024-04-06 06:06:17,674 [WARN] DbBoards:128 - board STM32G474E-EVAL1 has no document id list !
2024-04-06 06:06:17,674 [WARN] DbBoards:128 - board STM32H743I-EVAL2 has no document id list !
2024-04-06 06:06:17,675 [WARN] DbBoards:128 - board STM32H747I-DISC1 has no document id list !
2024-04-06 06:06:17,675 [WARN] DbBoards:128 - board STM32H753I-EVAL2 has no document id list !
2024-04-06 06:06:17,676 [WARN] DbBoards:128 - board STM32L-DISCOVERY has no document id list !
2024-04-06 06:06:18,027 [ERROR] DbBoards:190 - Image file not found for board B-U585I-IOT02A: C:\ST\STM32CubeIDE_1.5.1_install\STM32CubeIDE\plugins\com.st.stm32cube.common.mx_6.1.1.202012091304\\db\/plugins/mcufinder/images/boards/B-U585I-IOT02A_small.jpg
2024-04-06 06:06:18,149 [WARN] PopulateThirdPartyThread:90 - Error when creating pack: C:/Users/PATRICK A JOSEPH/.stm32cubemx/thirdparties/pdsc/STMicroelectronics.FP-SNS-MOTENV1.pdsc
2024-04-06 06:06:18,228 [INFO] CheckServerUpdateThread:102 - End of CheckServer Thread
2024-04-06 06:06:18,240 [ERROR] DbBoards:190 - Image file not found for board NUCLEO-F413ZH: C:\ST\STM32CubeIDE_1.5.1_install\STM32CubeIDE\plugins\com.st.stm32cube.common.mx_6.1.1.202012091304\\db\/plugins/mcufinder/images/boards/nucleo-f413zh_small.jpg
2024-04-06 06:06:18,245 [INFO] PopulateThirdPartyThread:50 - Ending populate Thread
2024-04-06 06:06:18,248 [INFO] ThirdParty:939 - CMSIS Pack Vendor :STMicroelectronics X-CUBE-TOUCHGFX 4.23.2
2024-04-06 06:06:18,248 [INFO] ThirdParty:939 - CMSIS Pack Vendor :STMicroelectronics X-CUBE-SAFEA1 1.2.2
2024-04-06 06:06:18,250 [INFO] LoadServerUpdatesThread:329 - End of LoadServerUpdate Thread
2024-04-06 06:06:18,501 [ERROR] DbBoards:190 - Image file not found for board NUCLEO-L552ZE-Q: C:\ST\STM32CubeIDE_1.5.1_install\STM32CubeIDE\plugins\com.st.stm32cube.common.mx_6.1.1.202012091304\\db\/plugins/mcufinder/images/boards/nucleo_l552ze_q_small.jpg
2024-04-06 06:06:18,501 [ERROR] DbBoards:190 - Image file not found for board NUCLEO-U575ZI-Q: C:\ST\STM32CubeIDE_1.5.1_install\STM32CubeIDE\plugins\com.st.stm32cube.common.mx_6.1.1.202012091304\\db\/plugins/mcufinder/images/boards/nucleo-u575zi-q_small.jpg
2024-04-06 06:06:18,501 [ERROR] DbBoards:190 - Image file not found for board NUCLEO-WB15CC: C:\ST\STM32CubeIDE_1.5.1_install\STM32CubeIDE\plugins\com.st.stm32cube.common.mx_6.1.1.202012091304\\db\/plugins/mcufinder/images/boards/nucleo-wb15cc_small.jpg
2024-04-06 06:06:18,501 [ERROR] DbBoards:190 - Image file not found for board NUCLEO-WB55RG: C:\ST\STM32CubeIDE_1.5.1_install\STM32CubeIDE\plugins\com.st.stm32cube.common.mx_6.1.1.202012091304\\db\/plugins/mcufinder/images/boards/nucleo-wb55rg_small.jpg
2024-04-06 06:06:18,501 [ERROR] DbBoards:190 - Image file not found for board NUCLEO-WL55JC: C:\ST\STM32CubeIDE_1.5.1_install\STM32CubeIDE\plugins\com.st.stm32cube.common.mx_6.1.1.202012091304\\db\/plugins/mcufinder/images/boards/nucleo-wl55jc-small.jpg
2024-04-06 06:06:18,756 [ERROR] DbBoards:190 - Image file not found for board STEVAL-STWINKT1B: C:\ST\STM32CubeIDE_1.5.1_install\STM32CubeIDE\plugins\com.st.stm32cube.common.mx_6.1.1.202012091304\\db\/plugins/mcufinder/images/boards/steval-stwinkt1b_small.jpg
2024-04-06 06:06:19,288 [ERROR] DbBoards:190 - Image file not found for board STM32H7B3I-EVAL: C:\ST\STM32CubeIDE_1.5.1_install\STM32CubeIDE\plugins\com.st.stm32cube.common.mx_6.1.1.202012091304\\db\/plugins/mcufinder/images/boards/stm32h7b3ieval_small.jpg
2024-04-06 06:06:19,536 [ERROR] DbBoards:190 - Image file not found for board STM32U575I-EV: C:\ST\STM32CubeIDE_1.5.1_install\STM32CubeIDE\plugins\com.st.stm32cube.common.mx_6.1.1.202012091304\\db\/plugins/mcufinder/images/boards/stm32u575i-ev_small.jpg
2024-04-06 06:06:19,571 [ERROR] DbBoards:190 - Image file not found for board STM32WB5MM-DK: C:\ST\STM32CubeIDE_1.5.1_install\STM32CubeIDE\plugins\com.st.stm32cube.common.mx_6.1.1.202012091304\\db\/plugins/mcufinder/images/boards/STM32WB5MM-DK_small.jpg
2024-04-06 06:06:19,572 [INFO] ApiDb:238 - Load user favorites file C:\Users\PATRICK A JOSEPH/.stm32cubeide/favorites.boards.txt: 0 item(s)
2024-04-06 06:06:19,573 [INFO] ApiDb:242 - User favorites Boards=[]
2024-04-06 06:06:19,573 [INFO] DbBoards:207 - Set 0 / 0 favorites Boards
2024-04-06 06:06:43,358 [INFO] DbMcusDocs:145 - JSON generation date=Tue Nov 16 21:47:54 IST 2021 (1637079474)
2024-04-06 06:06:43,753 [INFO] DbMcusDocs:81 - Found 682 MCUs documents
2024-04-06 06:06:55,934 [INFO] MainUpdater:2644 - connection check result : 10
2024-04-06 06:06:55,935 [INFO] MainUpdater:2644 - connection check result : 10
2024-04-06 06:06:55,990 [INFO] MicroXplorer:385 - Change Database Path : 
2024-04-06 06:06:55,991 [INFO] MicroXplorer:415 - Change Database Version : DB.6.0.10
2024-04-06 06:06:55,991 [WARN] ThirdParty:783 - waiting for thirdparty lock release [close project]
2024-04-06 06:06:55,991 [INFO] ThirdParty:785 - entering critical section [close project]
2024-04-06 06:06:55,991 [INFO] ThirdParty:796 - exiting critical section [close project]
2024-04-06 06:06:55,993 [INFO] PinOutPanel:1434 - setPackage(No Configuration,No Configuration)
2024-04-06 06:06:55,994 [INFO] UtilMem:74 - Begin LoadConfig() Used Memory: 627580168 Bytes (1073741824)
2024-04-06 06:06:55,997 [INFO] MicroXplorer:385 - Change Database Path : 
2024-04-06 06:06:55,997 [INFO] MicroXplorer:415 - Change Database Version : DB.6.0.10
2024-04-06 06:06:55,997 [INFO] OpenFileManager:274 - Change cursor
2024-04-06 06:06:56,000 [WARN] ThirdParty:204 - Use empty third party IP manager
2024-04-06 06:06:56,029 [WARN] IntegrityCheckThread:59 - waiting for thirdparty lock release [integrity check]
2024-04-06 06:06:56,029 [INFO] IntegrityCheckThread:61 - entering critical section [integrity check]
2024-04-06 06:06:56,184 [ERROR] Engine:500 - C:\Users\PATRICK A JOSEPH\.stm32cubemx\thirdparties\pdsc\STMicroelectronics.X-CUBE-SMBUS.2.1.0.pdsc: PDSC version is not supported
2024-04-06 06:06:56,194 [WARN] ConditionMgr:437 - getConditionDescription Invalid condition id : SIGFOX STM32 LIB Condition cause : null
2024-04-06 06:06:56,196 [WARN] ConditionMgr:437 - getConditionDescription Invalid condition id : Sigfox Third Party LIB Condition cause : null
2024-04-06 06:06:56,199 [WARN] ConditionMgr:1040 - genDependencies : Invalid condition id : SIGFOX STM32 LIB Condition cause : null
2024-04-06 06:06:56,200 [WARN] ConditionMgr:1040 - genDependencies : Invalid condition id : Sigfox Third Party LIB Condition cause : null
2024-04-06 06:06:56,201 [WARN] ConditionMgr:1040 - genDependencies : Invalid condition id : Sigfox Third Party LIB Condition cause : null
2024-04-06 06:06:56,202 [WARN] ConditionMgr:1040 - genDependencies : Invalid condition id : SIGFOX STM32 LIB Condition cause : null
2024-04-06 06:06:56,203 [WARN] ConditionMgr:1040 - genDependencies : Invalid condition id : SIGFOX STM32 LIB Condition cause : null
2024-04-06 06:06:56,204 [WARN] ConditionMgr:1040 - genDependencies : Invalid condition id : Sigfox Third Party LIB Condition cause : null
2024-04-06 06:06:56,275 [ERROR] Engine:500 - C:\Users\PATRICK A JOSEPH\.stm32cubemx\thirdparties\pdsc\STMicroelectronics.FP-SNS-MOTENV1.4.3.2.pdsc: PDSC version is not supported
2024-04-06 06:06:56,279 [ERROR] Engine:500 - C:\Users\PATRICK A JOSEPH\.stm32cubemx\thirdparties\pdsc\STMicroelectronics.FP-SNS-MOTENV1.4.3.1.pdsc: PDSC version is not supported
2024-04-06 06:06:56,283 [ERROR] Engine:500 - C:\Users\PATRICK A JOSEPH\.stm32cubemx\thirdparties\pdsc\STMicroelectronics.FP-SNS-FLIGHT1.5.0.1.pdsc: PDSC version is not supported
2024-04-06 06:06:56,342 [ERROR] Engine:500 - C:\Users\PATRICK A JOSEPH\.stm32cubemx\thirdparties\pdsc\STMicroelectronics.FP-SNS-FLIGHT1.5.0.2.pdsc: PDSC version is not supported
2024-04-06 06:06:56,349 [ERROR] Engine:500 - C:\Users\PATRICK A JOSEPH\.stm32cubemx\thirdparties\pdsc\STMicroelectronics.X-CUBE-DISPLAY.3.0.0.pdsc: PDSC version is not supported
2024-04-06 06:06:56,459 [ERROR] Engine:500 - C:\Users\PATRICK A JOSEPH\.stm32cubemx\thirdparties\pdsc\STMicroelectronics.X-CUBE-BLEMGR.3.1.0.pdsc: PDSC version is not supported
2024-04-06 06:06:56,464 [ERROR] Engine:500 - C:\Users\PATRICK A JOSEPH\.stm32cubemx\thirdparties\pdsc\STMicroelectronics.FP-SNS-SMARTAG2.1.2.0.pdsc: PDSC version is not supported
2024-04-06 06:06:56,478 [INFO] LogOutputStream:76 - [STDOUT_REDIRECT] 1 : Invalid condition id : UX_CORESTACK_Condition cause : null
2024-04-06 06:06:56,481 [INFO] LogOutputStream:76 - [STDOUT_REDIRECT] 1 : Invalid condition id : UX_CORESTACK_Condition cause : null
2024-04-06 06:06:56,484 [INFO] LogOutputStream:76 - [STDOUT_REDIRECT] 1 : Invalid condition id : UX_CORESTACK_Condition cause : null
2024-04-06 06:06:56,489 [INFO] LogOutputStream:76 - [STDOUT_REDIRECT] 1 : Invalid condition id : UX_CORESTACK_Condition cause : null
2024-04-06 06:06:56,491 [INFO] LogOutputStream:76 - [STDOUT_REDIRECT] 1 : Invalid condition id : UX_CORESTACK_Condition cause : null
2024-04-06 06:06:56,514 [ERROR] Engine:500 - C:\Users\PATRICK A JOSEPH\.stm32cubemx\thirdparties\pdsc\STMicroelectronics.FP-SNS-MOTENV1.5.0.0.pdsc: PDSC version is not supported
2024-04-06 06:06:57,004 [ERROR] Engine:500 - C:\Users\PATRICK A JOSEPH\.stm32cubemx\thirdparties\pdsc\STMicroelectronics.X-CUBE-BLEMGR.3.0.0.pdsc: PDSC version is not supported
2024-04-06 06:06:57,376 [ERROR] Engine:500 - C:\Users\PATRICK A JOSEPH\.stm32cubemx\thirdparties\pdsc\ITTIA_DB.I-CUBE-ITTIADB.8.8.0.pdsc: PDSC version is not supported
2024-04-06 06:06:57,379 [ERROR] Engine:500 - C:\Users\PATRICK A JOSEPH\.stm32cubemx\thirdparties\pdsc\emotas.I-CUBE-CANOPEN.1.1.3.pdsc: PDSC version is not supported
2024-04-06 06:06:57,434 [WARN] ConditionMgr:437 - getConditionDescription Invalid condition id : UX DEVICE CLASS RTOS Condition cause : null
2024-04-06 06:06:57,435 [WARN] ConditionMgr:437 - getConditionDescription Invalid condition id : UX DEVICE CLASS RTOS Condition cause : null
2024-04-06 06:06:57,442 [WARN] ConditionMgr:1040 - genDependencies : Invalid condition id : UX DEVICE CLASS RTOS Condition cause : null
2024-04-06 06:06:57,443 [WARN] ConditionMgr:1040 - genDependencies : Invalid condition id : UX DEVICE CLASS RTOS Condition cause : null
2024-04-06 06:06:57,444 [WARN] ConditionMgr:1040 - genDependencies : Invalid condition id : UX DEVICE CLASS RTOS Condition cause : null
2024-04-06 06:06:57,445 [WARN] ConditionMgr:1040 - genDependencies : Invalid condition id : UX DEVICE CLASS RTOS Condition cause : null
2024-04-06 06:06:57,445 [WARN] ConditionMgr:1040 - genDependencies : Invalid condition id : UX DEVICE CLASS RTOS Condition cause : null
2024-04-06 06:06:57,522 [WARN] ConditionMgr:437 - getConditionDescription Invalid condition id : LAN8742 Phy interface Condition cause : null
2024-04-06 06:06:57,523 [WARN] ConditionMgr:1040 - genDependencies : Invalid condition id : LAN8742 Phy interface Condition cause : null
2024-04-06 06:06:57,524 [WARN] ConditionMgr:1040 - genDependencies : Invalid condition id : LAN8742 Phy interface Condition cause : null
2024-04-06 06:06:57,525 [WARN] ConditionMgr:1040 - genDependencies : Invalid condition id : LAN8742 Phy interface Condition cause : null
2024-04-06 06:06:57,575 [WARN] ConditionMgr:437 - getConditionDescription Invalid condition id : UX DEVICE CLASS RTOS Condition cause : null
2024-04-06 06:06:57,575 [WARN] ConditionMgr:437 - getConditionDescription Invalid condition id : UX DEVICE CLASS RTOS Condition cause : null
2024-04-06 06:06:57,578 [WARN] ConditionMgr:1040 - genDependencies : Invalid condition id : UX DEVICE CLASS RTOS Condition cause : null
2024-04-06 06:06:57,578 [WARN] ConditionMgr:1040 - genDependencies : Invalid condition id : UX DEVICE CLASS RTOS Condition cause : null
2024-04-06 06:06:57,579 [WARN] ConditionMgr:1040 - genDependencies : Invalid condition id : UX DEVICE CLASS RTOS Condition cause : null
2024-04-06 06:06:57,579 [WARN] ConditionMgr:1040 - genDependencies : Invalid condition id : UX DEVICE CLASS RTOS Condition cause : null
2024-04-06 06:06:57,579 [WARN] ConditionMgr:1040 - genDependencies : Invalid condition id : UX DEVICE CLASS RTOS Condition cause : null
2024-04-06 06:06:57,582 [ERROR] Engine:500 - C:\Users\PATRICK A JOSEPH\.stm32cubemx\thirdparties\pdsc\STMicroelectronics.X-CUBE-FREERTOS.1.0.1.pdsc: PDSC version is not supported
2024-04-06 06:06:57,865 [ERROR] Engine:500 - C:\Users\PATRICK A JOSEPH\.stm32cubemx\thirdparties\pdsc\STMicroelectronics.X-CUBE-TOF1.3.3.1.pdsc: PDSC version is not supported
2024-04-06 06:06:57,907 [ERROR] Engine:500 - C:\Users\PATRICK A JOSEPH\.stm32cubemx\thirdparties\pdsc\Infineon.AIROC-Wi-Fi-Bluetooth-STM32.1.5.1.pdsc: PDSC version is not supported
2024-04-06 06:06:57,909 [ERROR] Engine:500 - C:\Users\PATRICK A JOSEPH\.stm32cubemx\thirdparties\pdsc\STMicroelectronics.FP-SNS-MOTENVWB1.1.3.1.pdsc: PDSC version is not supported
2024-04-06 06:06:58,096 [ERROR] Engine:500 - C:\Users\PATRICK A JOSEPH\.stm32cubemx\thirdparties\pdsc\STMicroelectronics.X-CUBE-FREERTOS.1.1.0.pdsc: PDSC version is not supported
2024-04-06 06:06:58,247 [ERROR] Engine:500 - C:\Users\PATRICK A JOSEPH\.stm32cubemx\thirdparties\pdsc\STMicroelectronics.X-CUBE-TOF1.3.4.0.pdsc: PDSC version is not supported
2024-04-06 06:06:58,259 [ERROR] Engine:500 - C:\Users\PATRICK A JOSEPH\.stm32cubemx\thirdparties\pdsc\STMicroelectronics.X-CUBE-TOF1.3.4.1.pdsc: PDSC version is not supported
2024-04-06 06:06:58,289 [INFO] ThirdParty:887 - Integrity check success = true
2024-04-06 06:06:58,289 [INFO] IntegrityCheckThread:75 - exiting critical section [integrity check]
2024-04-06 06:06:58,289 [INFO] IntegrityCheckThread:78 - End integrity checks thread
2024-04-06 06:07:00,679 [INFO] ImportTextPane:162 - (OptionalMessage_ERROR) Unable to find key (Mcu.ThirdPartyNb) in loaded IOC file
2024-04-06 06:07:00,679 [INFO] ImportTextPane:162 - (OptionalMessage_ERROR) Unable to find key (Mcu.PinsNb) in loaded IOC file
2024-04-06 06:07:00,679 [INFO] ImportTextPane:162 - (OptionalMessage_ERROR) Unable to find key (Mcu.IPNb) in loaded IOC file
2024-04-06 06:07:00,758 [WARN] ApiManager:294 - Cannot register API 'Board Extension:GNSS1A1' from pack STMicroelectronics.X-CUBE-GNSS1.6.0.0: no header file found
2024-04-06 06:07:00,758 [WARN] ApiManager:294 - Cannot register API 'Board Support:Custom' from pack STMicroelectronics.X-CUBE-GNSS1.6.0.0: no header file found
2024-04-06 06:07:00,758 [WARN] ApiManager:294 - Cannot register API 'Data Exchange:lib_gnss' from pack STMicroelectronics.X-CUBE-GNSS1.6.0.0: no header file found
2024-04-06 06:07:00,769 [WARN] ApiManager:294 - Cannot register API 'Board Extension:S2868A1' from pack STMicroelectronics.X-CUBE-SFXS2LP1.2.0.0: no header file found
2024-04-06 06:07:00,770 [WARN] ApiManager:294 - Cannot register API 'Board Extension:S2868A2' from pack STMicroelectronics.X-CUBE-SFXS2LP1.2.0.0: no header file found
2024-04-06 06:07:00,770 [WARN] ApiManager:294 - Cannot register API 'Board Extension:S2915A1' from pack STMicroelectronics.X-CUBE-SFXS2LP1.2.0.0: no header file found
2024-04-06 06:07:00,851 [WARN] ApiManager:294 - Cannot register API 'Board Extension:IKS01A3' from pack STMicroelectronics.X-CUBE-MEMS1.9.0.0: no header file found
2024-04-06 06:07:00,852 [WARN] ApiManager:294 - Cannot register API 'Board Extension:IKS01A2' from pack STMicroelectronics.X-CUBE-MEMS1.9.0.0: no header file found
2024-04-06 06:07:00,852 [WARN] ApiManager:294 - Cannot register API 'Board Extension:IKS02A1' from pack STMicroelectronics.X-CUBE-MEMS1.9.0.0: no header file found
2024-04-06 06:07:00,942 [WARN] ApiManager:294 - Cannot register API 'Board Extension:IKS01A3' from pack STMicroelectronics.X-CUBE-MEMS1.9.4.0: no header file found
2024-04-06 06:07:00,942 [WARN] ApiManager:294 - Cannot register API 'Board Extension:IKS01A2' from pack STMicroelectronics.X-CUBE-MEMS1.9.4.0: no header file found
2024-04-06 06:07:00,942 [WARN] ApiManager:294 - Cannot register API 'Board Extension:IKS02A1' from pack STMicroelectronics.X-CUBE-MEMS1.9.4.0: no header file found
2024-04-06 06:07:01,061 [WARN] ApiManager:294 - Cannot register API 'Board Extension:IKS01A3' from pack STMicroelectronics.X-CUBE-MEMS1.9.6.0: no header file found
2024-04-06 06:07:01,061 [WARN] ApiManager:294 - Cannot register API 'Board Extension:IKS01A2' from pack STMicroelectronics.X-CUBE-MEMS1.9.6.0: no header file found
2024-04-06 06:07:01,061 [WARN] ApiManager:294 - Cannot register API 'Board Extension:IKS02A1' from pack STMicroelectronics.X-CUBE-MEMS1.9.6.0: no header file found
2024-04-06 06:07:01,070 [WARN] ApiManager:294 - Cannot register API 'Board Extension:EEPRMA2' from pack STMicroelectronics.X-CUBE-EEPRMA1.4.2.0: no header file found
2024-04-06 06:07:01,070 [WARN] ApiManager:294 - Cannot register API 'Board Extension:PGEEZ1' from pack STMicroelectronics.X-CUBE-EEPRMA1.4.2.0: no header file found
2024-04-06 06:07:01,070 [WARN] ApiManager:294 - Cannot register API 'Board Part:M24' from pack STMicroelectronics.X-CUBE-EEPRMA1.4.2.0: no header file found
2024-04-06 06:07:01,070 [WARN] ApiManager:294 - Cannot register API 'Board Part:M95' from pack STMicroelectronics.X-CUBE-EEPRMA1.4.2.0: no header file found
2024-04-06 06:07:01,070 [WARN] ApiManager:294 - Cannot register API 'Board Part:M95P32' from pack STMicroelectronics.X-CUBE-EEPRMA1.4.2.0: no header file found
2024-04-06 06:07:01,070 [WARN] ApiManager:294 - Cannot register API 'PGEEZ1:SPI' from pack STMicroelectronics.X-CUBE-EEPRMA1.4.2.0: no header file found
2024-04-06 06:07:01,071 [WARN] ApiManager:294 - Cannot register API 'PGEEZ1:QDSPI' from pack STMicroelectronics.X-CUBE-EEPRMA1.4.2.0: no header file found
2024-04-06 06:07:01,072 [WARN] ApiManager:294 - Cannot register API 'Board Extension:NFC06A1' from pack STMicroelectronics.X-CUBE-NFC6.3.1.0: no header file found
2024-04-06 06:07:01,072 [WARN] ApiManager:294 - Cannot register API 'Board Extension:NFC08A1' from pack STMicroelectronics.X-CUBE-NFC6.3.1.0: no header file found
2024-04-06 06:07:01,111 [WARN] ApiManager:294 - Cannot register API 'Board Extension:IKS01A3' from pack STMicroelectronics.X-CUBE-MEMS1.8.2.0: no header file found
2024-04-06 06:07:01,111 [WARN] ApiManager:294 - Cannot register API 'Board Extension:IKS01A2' from pack STMicroelectronics.X-CUBE-MEMS1.8.2.0: no header file found
2024-04-06 06:07:01,111 [WARN] ApiManager:294 - Cannot register API 'Board Extension:IKS02A1' from pack STMicroelectronics.X-CUBE-MEMS1.8.2.0: no header file found
2024-04-06 06:07:01,114 [WARN] ApiManager:294 - Cannot register API 'Board Extension:EEPRMA1' from pack STMicroelectronics.X-CUBE-EEPRMA1.3.0.0: no header file found
2024-04-06 06:07:01,115 [WARN] ApiManager:294 - Cannot register API 'Board Extension:EEPRMA2' from pack STMicroelectronics.X-CUBE-EEPRMA1.3.0.0: no header file found
2024-04-06 06:07:01,116 [WARN] ApiManager:294 - Cannot register API 'Wireless:BlueNRG-MS' from pack STMicroelectronics.X-CUBE-BLE1.6.2.4: no header file found
2024-04-06 06:07:01,127 [INFO] RtosManager:464 - Registered RTOS mode: class=CMSIS, group=RTOS, mode=CMSIS_V1, owner=FREERTOS
2024-04-06 06:07:01,127 [INFO] RtosManager:464 - Registered RTOS mode: class=CMSIS, group=RTOS2, mode=CMSIS_V2, owner=FREERTOS
2024-04-06 06:07:01,128 [INFO] RtosManager:464 - Registered RTOS mode: class=RTOS, group=Core, mode=CMSIS_V1, owner=FREERTOS
2024-04-06 06:07:01,128 [INFO] RtosManager:464 - Registered RTOS mode: class=RTOS, group=Core, mode=CMSIS_V2, owner=FREERTOS
2024-04-06 06:07:01,128 [WARN] ModelIntegratedComponent:182 - Missing modes for component STMicroelectronics:FreeRTOS:0.0.1:STMicroelectronics:RTOS:FreeRTOS:Core:::10.2.0:
2024-04-06 06:07:01,131 [WARN] ApiManager:294 - Cannot register API 'Board Extension:STSAFEA1' from pack STMicroelectronics.X-CUBE-SAFEA1.1.2.2: no header file found
2024-04-06 06:07:01,131 [WARN] ApiManager:294 - Cannot register API 'Board Part:STSAFEA110' from pack STMicroelectronics.X-CUBE-SAFEA1.1.2.2: no header file found
2024-04-06 06:07:01,131 [WARN] ApiManager:294 - Cannot register API 'Security:ST_Cryptolib' from pack STMicroelectronics.X-CUBE-SAFEA1.1.2.2: no header file found
2024-04-06 06:07:01,131 [WARN] ApiManager:294 - Cannot register API 'Security:MbedTLS' from pack STMicroelectronics.X-CUBE-SAFEA1.1.2.2: no header file found
2024-04-06 06:07:01,133 [WARN] ApiManager:294 - Cannot register API 'Board Extension:NFC04A1' from pack STMicroelectronics.X-CUBE-NFC4.3.0.0: no header file found
2024-04-06 06:07:01,140 [WARN] ApiManager:294 - Cannot register API 'Board Extension:S2868A1' from pack STMicroelectronics.X-CUBE-SUBG2.5.0.0: no header file found
2024-04-06 06:07:01,140 [WARN] ApiManager:294 - Cannot register API 'Board Extension:S2868A2' from pack STMicroelectronics.X-CUBE-SUBG2.5.0.0: no header file found
2024-04-06 06:07:01,141 [WARN] ApiManager:294 - Cannot register API 'Board Extension:S2915A1' from pack STMicroelectronics.X-CUBE-SUBG2.5.0.0: no header file found
2024-04-06 06:07:01,142 [WARN] ApiManager:294 - Cannot register API 'Board Extension:GNSS1A1' from pack STMicroelectronics.X-CUBE-GNSS1.5.1.0: no header file found
2024-04-06 06:07:01,142 [WARN] ApiManager:294 - Cannot register API 'Board Support:Custom' from pack STMicroelectronics.X-CUBE-GNSS1.5.1.0: no header file found
2024-04-06 06:07:01,142 [WARN] ApiManager:294 - Cannot register API 'Data Exchange:lib_gnss' from pack STMicroelectronics.X-CUBE-GNSS1.5.1.0: no header file found
2024-04-06 06:07:01,143 [WARN] ApiManager:294 - Cannot register API 'Wireless:BlueNRG-MS' from pack STMicroelectronics.X-CUBE-BLE1.6.2.1: no header file found
2024-04-06 06:07:01,144 [WARN] ApiManager:294 - Cannot register API 'Wireless:BlueNRG-2' from pack STMicroelectronics.X-CUBE-BLE2.3.2.1: no header file found
2024-04-06 06:07:01,145 [WARN] ApiManager:294 - Cannot register API 'Board Extension:NFC04A1' from pack STMicroelectronics.X-CUBE-NFC4.2.0.3: no header file found
2024-04-06 06:07:01,147 [WARN] ApiManager:294 - Cannot register API 'Board Extension:NFC04A1' from pack STMicroelectronics.X-CUBE-NFC4.2.0.1: no header file found
2024-04-06 06:07:01,153 [WARN] ApiManager:294 - Cannot register API 'Board Extension:S2868A1' from pack STMicroelectronics.X-CUBE-SFXS2LP1.3.1.0: no header file found
2024-04-06 06:07:01,154 [WARN] ApiManager:294 - Cannot register API 'Board Extension:S2868A2' from pack STMicroelectronics.X-CUBE-SFXS2LP1.3.1.0: no header file found
2024-04-06 06:07:01,154 [WARN] ApiManager:294 - Cannot register API 'Board Extension:S2915A1' from pack STMicroelectronics.X-CUBE-SFXS2LP1.3.1.0: no header file found
2024-04-06 06:07:01,156 [WARN] ApiManager:294 - Cannot register API 'Wireless:BlueNRG-MS' from pack STMicroelectronics.X-CUBE-BLE1.7.0.0: no header file found
2024-04-06 06:07:01,158 [WARN] ApiManager:294 - Cannot register API 'Board Extension:S2868A1' from pack STMicroelectronics.X-CUBE-SUBG2.3.0.1: no header file found
2024-04-06 06:07:01,158 [WARN] ApiManager:294 - Cannot register API 'Board Extension:S2868A2' from pack STMicroelectronics.X-CUBE-SUBG2.3.0.1: no header file found
2024-04-06 06:07:01,158 [WARN] ApiManager:294 - Cannot register API 'Board Extension:S2915A1' from pack STMicroelectronics.X-CUBE-SUBG2.3.0.1: no header file found
2024-04-06 06:07:01,160 [WARN] ApiManager:294 - Cannot register API 'Board Extension:EEPRMA2' from pack STMicroelectronics.X-CUBE-EEPRMA1.5.1.0: no header file found
2024-04-06 06:07:01,160 [WARN] ApiManager:294 - Cannot register API 'Board Extension:PGEEZ1' from pack STMicroelectronics.X-CUBE-EEPRMA1.5.1.0: no header file found
2024-04-06 06:07:01,160 [WARN] ApiManager:294 - Cannot register API 'Board Extension:EEICA1' from pack STMicroelectronics.X-CUBE-EEPRMA1.5.1.0: no header file found
2024-04-06 06:07:01,161 [WARN] ApiManager:294 - Cannot register API 'Board Part:M24' from pack STMicroelectronics.X-CUBE-EEPRMA1.5.1.0: no header file found
2024-04-06 06:07:01,161 [WARN] ApiManager:294 - Cannot register API 'Board Part:M95' from pack STMicroelectronics.X-CUBE-EEPRMA1.5.1.0: no header file found
2024-04-06 06:07:01,161 [WARN] ApiManager:294 - Cannot register API 'Board Part:M95P32' from pack STMicroelectronics.X-CUBE-EEPRMA1.5.1.0: no header file found
2024-04-06 06:07:01,161 [WARN] ApiManager:294 - Cannot register API 'Board Part:M24256E-F' from pack STMicroelectronics.X-CUBE-EEPRMA1.5.1.0: no header file found
2024-04-06 06:07:01,161 [WARN] ApiManager:294 - Cannot register API 'Board Part:M24M01E-F' from pack STMicroelectronics.X-CUBE-EEPRMA1.5.1.0: no header file found
2024-04-06 06:07:01,161 [WARN] ApiManager:294 - Cannot register API 'PGEEZ1:SPI' from pack STMicroelectronics.X-CUBE-EEPRMA1.5.1.0: no header file found
2024-04-06 06:07:01,161 [WARN] ApiManager:294 - Cannot register API 'PGEEZ1:QDSPI' from pack STMicroelectronics.X-CUBE-EEPRMA1.5.1.0: no header file found
2024-04-06 06:07:01,164 [WARN] ModelIntegratedComponent:51 - No mode defined for component null
2024-04-06 06:07:01,164 [WARN] ModelIntegratedComponent:51 - No mode defined for component null
2024-04-06 06:07:01,164 [WARN] ModelIntegratedComponent:51 - No mode defined for component null
2024-04-06 06:07:01,164 [WARN] ModelIntegratedComponent:51 - No mode defined for component null
2024-04-06 06:07:01,164 [WARN] ModelIntegratedComponent:51 - No mode defined for component null
2024-04-06 06:07:01,165 [WARN] ModelIntegratedComponent:51 - No mode defined for component null
2024-04-06 06:07:01,165 [WARN] ModelIntegratedComponent:51 - No mode defined for component null
2024-04-06 06:07:01,165 [WARN] ModelIntegratedComponent:51 - No mode defined for component null
2024-04-06 06:07:01,165 [WARN] ModelIntegratedComponent:51 - No mode defined for component null
2024-04-06 06:07:01,165 [WARN] ModelIntegratedComponent:51 - No mode defined for component null
2024-04-06 06:07:01,165 [WARN] ModelIntegratedComponent:51 - No mode defined for component null
2024-04-06 06:07:01,166 [WARN] ModelIntegratedComponent:51 - No mode defined for component null
2024-04-06 06:07:01,166 [WARN] ModelIntegratedComponent:51 - No mode defined for component null
2024-04-06 06:07:01,166 [WARN] ModelIntegratedComponent:51 - No mode defined for component null
2024-04-06 06:07:01,166 [WARN] ModelIntegratedComponent:51 - No mode defined for component null
2024-04-06 06:07:01,166 [WARN] ModelIntegratedComponent:51 - No mode defined for component null
2024-04-06 06:07:01,166 [WARN] ModelIntegratedComponent:51 - No mode defined for component null
2024-04-06 06:07:01,167 [WARN] ModelIntegratedComponent:51 - No mode defined for component null
2024-04-06 06:07:01,167 [WARN] ModelIntegratedComponent:51 - No mode defined for component null
2024-04-06 06:07:01,167 [WARN] ModelIntegratedComponent:51 - No mode defined for component null
2024-04-06 06:07:01,167 [WARN] ModelIntegratedComponent:51 - No mode defined for component null
2024-04-06 06:07:01,167 [WARN] ModelIntegratedComponent:51 - No mode defined for component null
2024-04-06 06:07:01,167 [WARN] ModelIntegratedComponent:51 - No mode defined for component null
2024-04-06 06:07:01,167 [WARN] ModelIntegratedComponent:51 - No mode defined for component null
2024-04-06 06:07:01,167 [WARN] ModelIntegratedComponent:51 - No mode defined for component null
2024-04-06 06:07:01,167 [WARN] ModelIntegratedComponent:51 - No mode defined for component null
2024-04-06 06:07:01,168 [WARN] ModelIntegratedComponent:51 - No mode defined for component null
2024-04-06 06:07:01,168 [WARN] ModelIntegratedComponent:51 - No mode defined for component null
2024-04-06 06:07:01,168 [WARN] ModelIntegratedComponent:51 - No mode defined for component null
2024-04-06 06:07:01,168 [WARN] ModelIntegratedComponent:51 - No mode defined for component null
2024-04-06 06:07:01,168 [WARN] ModelIntegratedComponent:51 - No mode defined for component null
2024-04-06 06:07:01,168 [WARN] ModelIntegratedComponent:51 - No mode defined for component null
2024-04-06 06:07:01,168 [WARN] ModelIntegratedComponent:51 - No mode defined for component null
2024-04-06 06:07:01,168 [WARN] ModelIntegratedComponent:51 - No mode defined for component null
2024-04-06 06:07:01,168 [WARN] ModelIntegratedComponent:51 - No mode defined for component null
2024-04-06 06:07:01,168 [WARN] ModelIntegratedComponent:51 - No mode defined for component null
2024-04-06 06:07:01,169 [WARN] ModelIntegratedComponent:51 - No mode defined for component null
2024-04-06 06:07:01,169 [WARN] ModelIntegratedComponent:51 - No mode defined for component null
2024-04-06 06:07:01,227 [WARN] ApiManager:294 - Cannot register API 'Board Extension:IKS01A3' from pack STMicroelectronics.X-CUBE-MEMS1.10.0.0: no header file found
2024-04-06 06:07:01,228 [WARN] ApiManager:294 - Cannot register API 'Board Extension:IKS02A1' from pack STMicroelectronics.X-CUBE-MEMS1.10.0.0: no header file found
2024-04-06 06:07:01,228 [WARN] ApiManager:294 - Cannot register API 'Board Extension:IKS4A1' from pack STMicroelectronics.X-CUBE-MEMS1.10.0.0: no header file found
2024-04-06 06:07:01,233 [WARN] ApiManager:294 - Cannot register API 'Board Extension:NFC07A1' from pack STMicroelectronics.X-CUBE-NFC7.1.0.1: no header file found
2024-04-06 06:07:01,234 [WARN] ApiManager:294 - Cannot register API 'Board Extension:NFC07A1' from pack STMicroelectronics.X-CUBE-NFC7.1.0.0: no header file found
2024-04-06 06:07:01,235 [WARN] ApiManager:294 - Cannot register API 'Board Extension:S2868A1' from pack STMicroelectronics.X-CUBE-SUBG2.4.2.0: no header file found
2024-04-06 06:07:01,235 [WARN] ApiManager:294 - Cannot register API 'Board Extension:S2868A2' from pack STMicroelectronics.X-CUBE-SUBG2.4.2.0: no header file found
2024-04-06 06:07:01,235 [WARN] ApiManager:294 - Cannot register API 'Board Extension:S2915A1' from pack STMicroelectronics.X-CUBE-SUBG2.4.2.0: no header file found
2024-04-06 06:07:01,237 [WARN] ApiManager:294 - Cannot register API 'Board Extension:NFC06A1' from pack STMicroelectronics.X-CUBE-NFC6.3.0.0: no header file found
2024-04-06 06:07:01,237 [WARN] ApiManager:294 - Cannot register API 'Board Extension:NFC08A1' from pack STMicroelectronics.X-CUBE-NFC6.3.0.0: no header file found
2024-04-06 06:07:01,238 [WARN] ApiManager:294 - Cannot register API 'Board Extension:EEPRMA1' from pack STMicroelectronics.X-CUBE-EEPRMA1.4.1.0: no header file found
2024-04-06 06:07:01,238 [WARN] ApiManager:294 - Cannot register API 'Board Extension:EEPRMA2' from pack STMicroelectronics.X-CUBE-EEPRMA1.4.1.0: no header file found
2024-04-06 06:07:01,238 [WARN] ApiManager:294 - Cannot register API 'Board Extension:PGEEZ1' from pack STMicroelectronics.X-CUBE-EEPRMA1.4.1.0: no header file found
2024-04-06 06:07:01,238 [WARN] ApiManager:294 - Cannot register API 'Board Part:M24' from pack STMicroelectronics.X-CUBE-EEPRMA1.4.1.0: no header file found
2024-04-06 06:07:01,238 [WARN] ApiManager:294 - Cannot register API 'Board Part:M95' from pack STMicroelectronics.X-CUBE-EEPRMA1.4.1.0: no header file found
2024-04-06 06:07:01,239 [WARN] ApiManager:294 - Cannot register API 'Board Part:M95P32' from pack STMicroelectronics.X-CUBE-EEPRMA1.4.1.0: no header file found
2024-04-06 06:07:01,239 [WARN] ApiManager:294 - Cannot register API 'PGEEZ1:SPI' from pack STMicroelectronics.X-CUBE-EEPRMA1.4.1.0: no header file found
2024-04-06 06:07:01,239 [WARN] ApiManager:294 - Cannot register API 'PGEEZ1:QDSPI' from pack STMicroelectronics.X-CUBE-EEPRMA1.4.1.0: no header file found
2024-04-06 06:07:01,243 [WARN] ApiManager:294 - Cannot register API 'Board Extension:EEPRMA1' from pack STMicroelectronics.X-CUBE-EEPRMA1.3.1.0: no header file found
2024-04-06 06:07:01,244 [WARN] ApiManager:294 - Cannot register API 'Board Extension:EEPRMA2' from pack STMicroelectronics.X-CUBE-EEPRMA1.3.1.0: no header file found
2024-04-06 06:07:01,245 [WARN] ApiManager:294 - Cannot register API 'Board Extension:GNSS1A1' from pack STMicroelectronics.X-CUBE-GNSS1.5.2.0: no header file found
2024-04-06 06:07:01,245 [WARN] ApiManager:294 - Cannot register API 'Board Support:Custom' from pack STMicroelectronics.X-CUBE-GNSS1.5.2.0: no header file found
2024-04-06 06:07:01,245 [WARN] ApiManager:294 - Cannot register API 'Data Exchange:lib_gnss' from pack STMicroelectronics.X-CUBE-GNSS1.5.2.0: no header file found
2024-04-06 06:07:01,246 [WARN] ApiManager:294 - Cannot register API 'Wireless:BlueNRG-MS' from pack STMicroelectronics.X-CUBE-BLE1.6.1.0: no header file found
2024-04-06 06:07:01,247 [WARN] ApiManager:294 - Cannot register API 'Board Extension:S2868A1' from pack STMicroelectronics.X-CUBE-SFXS2LP1.4.0.0: no header file found
2024-04-06 06:07:01,247 [WARN] ApiManager:294 - Cannot register API 'Board Extension:S2868A2' from pack STMicroelectronics.X-CUBE-SFXS2LP1.4.0.0: no header file found
2024-04-06 06:07:01,247 [WARN] ApiManager:294 - Cannot register API 'Board Extension:S2915A1' from pack STMicroelectronics.X-CUBE-SFXS2LP1.4.0.0: no header file found
2024-04-06 06:07:01,247 [WARN] ApiManager:294 - Cannot register API 'Wireless:BlueNRG-2' from pack STMicroelectronics.X-CUBE-BLE2.3.3.0: no header file found
2024-04-06 06:07:01,250 [WARN] ApiManager:294 - Cannot register API 'Wireless:BlueNRG-2' from pack STMicroelectronics.X-CUBE-BLE2.3.1.0: no header file found
2024-04-06 06:07:07,117 [INFO] UtilMem:74 - End LoadConfig() Used Memory: 526660808 Bytes (1073741824)
2024-04-06 06:07:07,125 [WARN] ThirdParty:749 - waiting for thirdparty lock release [change project]
2024-04-06 06:07:07,126 [INFO] ThirdParty:751 - entering critical section [change project]
2024-04-06 06:07:07,126 [INFO] ThirdParty:939 - CMSIS Pack Vendor :STMicroelectronics X-CUBE-ISPU 1.1.0
2024-04-06 06:07:07,126 [INFO] ThirdParty:939 - CMSIS Pack Vendor :RoweBots I-CUBE-UNISONRTOS 5.5.0-4
2024-04-06 06:07:07,126 [INFO] ThirdParty:939 - CMSIS Pack Vendor :STMicroelectronics X-CUBE-GNSS1 6.0.0
2024-04-06 06:07:07,126 [INFO] ThirdParty:939 - CMSIS Pack Vendor :STMicroelectronics USB_HOST 2.0.0
2024-04-06 06:07:07,127 [INFO] ThirdParty:939 - CMSIS Pack Vendor :STMicroelectronics X-CUBE-AZRTOS-F4 1.1.0
2024-04-06 06:07:07,127 [INFO] ThirdParty:939 - CMSIS Pack Vendor :STMicroelectronics USB_DEVICE 3.0.0
2024-04-06 06:07:07,127 [INFO] ThirdParty:939 - CMSIS Pack Vendor :STMicroelectronics X-CUBE-AZRTOS-WB 2.0.0
2024-04-06 06:07:07,127 [INFO] ThirdParty:939 - CMSIS Pack Vendor :STMicroelectronics X-CUBE-SFXS2LP1 2.0.0
2024-04-06 06:07:07,127 [INFO] ThirdParty:939 - CMSIS Pack Vendor :STMicroelectronics X-CUBE-TOUCHGFX 4.23.0
2024-04-06 06:07:07,127 [INFO] ThirdParty:939 - CMSIS Pack Vendor :STMicroelectronics X-CUBE-MEMS1 9.0.0
2024-04-06 06:07:07,127 [INFO] ThirdParty:939 - CMSIS Pack Vendor :STMicroelectronics X-CUBE-TOUCHGFX 4.23.2
2024-04-06 06:07:07,127 [INFO] ThirdParty:939 - CMSIS Pack Vendor :STMicroelectronics X-CUBE-AZRTOS-F7 1.1.0
2024-04-06 06:07:07,128 [INFO] ThirdParty:939 - CMSIS Pack Vendor :STMicroelectronics X-CUBE-TOUCHGFX 4.21.4
2024-04-06 06:07:07,128 [INFO] ThirdParty:939 - CMSIS Pack Vendor :STMicroelectronics X-CUBE-AZRTOS-L5 2.0.0
2024-04-06 06:07:07,128 [INFO] ThirdParty:939 - CMSIS Pack Vendor :STMicroelectronics X-CUBE-MEMS1 9.4.0
2024-04-06 06:07:07,128 [INFO] ThirdParty:939 - CMSIS Pack Vendor :STMicroelectronics USB_DEVICE 2.0.0
2024-04-06 06:07:07,128 [INFO] ThirdParty:939 - CMSIS Pack Vendor :STMicroelectronics X-CUBE-AI 7.3.0
2024-04-06 06:07:07,128 [INFO] ThirdParty:939 - CMSIS Pack Vendor :STMicroelectronics X-CUBE-MEMS1 9.6.0
2024-04-06 06:07:07,128 [INFO] ThirdParty:939 - CMSIS Pack Vendor :STMicroelectronics X-CUBE-EEPRMA1 4.2.0
2024-04-06 06:07:07,128 [INFO] ThirdParty:939 - CMSIS Pack Vendor :STMicroelectronics X-CUBE-NFC6 3.1.0
2024-04-06 06:07:07,129 [INFO] ThirdParty:939 - CMSIS Pack Vendor :STMicroelectronics X-CUBE-ALGOBUILD 1.3.0
2024-04-06 06:07:07,129 [INFO] ThirdParty:939 - CMSIS Pack Vendor :STMicroelectronics X-CUBE-MEMS1 8.2.0
2024-04-06 06:07:07,129 [INFO] ThirdParty:939 - CMSIS Pack Vendor :STMicroelectronics X-CUBE-EEPRMA1 3.0.0
2024-04-06 06:07:07,129 [INFO] ThirdParty:939 - CMSIS Pack Vendor :STMicroelectronics X-CUBE-BLE1 6.2.4
2024-04-06 06:07:07,129 [INFO] ThirdParty:939 - CMSIS Pack Vendor :STMicroelectronics X-CUBE-AZRTOS-L5 1.1.0
2024-04-06 06:07:07,129 [INFO] ThirdParty:939 - CMSIS Pack Vendor :STMicroelectronics FreeRTOS 0.0.1
2024-04-06 06:07:07,129 [INFO] ThirdParty:939 - CMSIS Pack Vendor :STMicroelectronics X-CUBE-AZRTOS-G0 1.1.0
2024-04-06 06:07:07,129 [INFO] ThirdParty:939 - CMSIS Pack Vendor :STMicroelectronics X-CUBE-BLEMGR 2.0.0
2024-04-06 06:07:07,130 [INFO] ThirdParty:939 - CMSIS Pack Vendor :STMicroelectronics X-CUBE-AI 8.0.1
2024-04-06 06:07:07,130 [INFO] ThirdParty:939 - CMSIS Pack Vendor :STMicroelectronics X-CUBE-SAFEA1 1.2.2
2024-04-06 06:07:07,130 [INFO] ThirdParty:939 - CMSIS Pack Vendor :STMicroelectronics X-CUBE-ALGOBUILD 1.1.0
2024-04-06 06:07:07,130 [INFO] ThirdParty:939 - CMSIS Pack Vendor :STMicroelectronics X-CUBE-NFC4 3.0.0
2024-04-06 06:07:07,130 [INFO] ThirdParty:939 - CMSIS Pack Vendor :SEGGER I-CUBE-embOS 1.2.0
2024-04-06 06:07:07,130 [INFO] ThirdParty:939 - CMSIS Pack Vendor :STMicroelectronics X-CUBE-SUBG2 5.0.0
2024-04-06 06:07:07,130 [INFO] ThirdParty:939 - CMSIS Pack Vendor :STMicroelectronics X-CUBE-GNSS1 5.1.0
2024-04-06 06:07:07,130 [INFO] ThirdParty:939 - CMSIS Pack Vendor :STMicroelectronics lwIP 2.0.3
2024-04-06 06:07:07,131 [INFO] ThirdParty:939 - CMSIS Pack Vendor :STMicroelectronics X-CUBE-BLE1 6.2.1
2024-04-06 06:07:07,131 [INFO] ThirdParty:939 - CMSIS Pack Vendor :STMicroelectronics X-CUBE-BLE2 3.2.1
2024-04-06 06:07:07,131 [INFO] ThirdParty:939 - CMSIS Pack Vendor :STMicroelectronics USB_HOST 1.0.0
2024-04-06 06:07:07,131 [INFO] ThirdParty:939 - CMSIS Pack Vendor :STMicroelectronics X-CUBE-NFC4 2.0.3
2024-04-06 06:07:07,132 [INFO] ThirdParty:939 - CMSIS Pack Vendor :wolfSSL I-CUBE-wolfSSL 4.8.0
2024-04-06 06:07:07,132 [INFO] ThirdParty:939 - CMSIS Pack Vendor :STMicroelectronics X-CUBE-AZRTOS-G4 2.0.0
2024-04-06 06:07:07,132 [INFO] ThirdParty:939 - CMSIS Pack Vendor :STMicroelectronics X-CUBE-TOUCHGFX 4.17.0
2024-04-06 06:07:07,133 [INFO] ThirdParty:939 - CMSIS Pack Vendor :STMicroelectronics X-CUBE-NFC4 2.0.1
2024-04-06 06:07:07,133 [INFO] ThirdParty:939 - CMSIS Pack Vendor :STMicroelectronics PDM2PCM 3.1.0
2024-04-06 06:07:07,133 [INFO] ThirdParty:939 - CMSIS Pack Vendor :STMicroelectronics X-CUBE-AZRTOS-H7 3.1.0
2024-04-06 06:07:07,133 [INFO] ThirdParty:939 - CMSIS Pack Vendor :STMicroelectronics X-CUBE-TOF1 3.3.0
2024-04-06 06:07:07,133 [INFO] ThirdParty:939 - CMSIS Pack Vendor :STMicroelectronics FP-ATR-ASTRA1 1.1.1
2024-04-06 06:07:07,133 [INFO] ThirdParty:939 - CMSIS Pack Vendor :STMicroelectronics PDM2PCM 3.3.0
2024-04-06 06:07:07,133 [INFO] ThirdParty:939 - CMSIS Pack Vendor :STMicroelectronics X-CUBE-SFXS2LP1 3.1.0
2024-04-06 06:07:07,133 [INFO] ThirdParty:939 - CMSIS Pack Vendor :STMicroelectronics X-CUBE-BLEMGR 1.3.0
2024-04-06 06:07:07,133 [INFO] ThirdParty:939 - CMSIS Pack Vendor :STMicroelectronics X-CUBE-BLE1 7.0.0
2024-04-06 06:07:07,133 [INFO] ThirdParty:939 - CMSIS Pack Vendor :STMicroelectronics FP-ATR-SIGFOX1 3.2.0
2024-04-06 06:07:07,133 [INFO] ThirdParty:939 - CMSIS Pack Vendor :STMicroelectronics X-CUBE-SUBG2 3.0.1
2024-04-06 06:07:07,133 [INFO] ThirdParty:939 - CMSIS Pack Vendor :STMicroelectronics X-CUBE-ISPU 2.0.0
2024-04-06 06:07:07,133 [INFO] ThirdParty:939 - CMSIS Pack Vendor :STMicroelectronics X-CUBE-EEPRMA1 5.1.0
2024-04-06 06:07:07,134 [INFO] ThirdParty:939 - CMSIS Pack Vendor :STMicroelectronics HAL Drivers 0.0.0
2024-04-06 06:07:07,134 [INFO] ThirdParty:939 - CMSIS Pack Vendor :STMicroelectronics MBEDTLS 2.16.2
2024-04-06 06:07:07,134 [INFO] ThirdParty:939 - CMSIS Pack Vendor :STMicroelectronics X-CUBE-MEMS1 10.0.0
2024-04-06 06:07:07,134 [INFO] ThirdParty:939 - CMSIS Pack Vendor :STMicroelectronics X-CUBE-TOUCHGFX 4.22.0
2024-04-06 06:07:07,134 [INFO] ThirdParty:939 - CMSIS Pack Vendor :STMicroelectronics X-CUBE-NFC7 1.0.1
2024-04-06 06:07:07,134 [INFO] ThirdParty:939 - CMSIS Pack Vendor :STMicroelectronics MBEDTLS 2.14.1
2024-04-06 06:07:07,134 [INFO] ThirdParty:939 - CMSIS Pack Vendor :STMicroelectronics X-CUBE-NFC7 1.0.0
2024-04-06 06:07:07,134 [INFO] ThirdParty:939 - CMSIS Pack Vendor :STMicroelectronics X-CUBE-TOUCHGFX 4.22.1
2024-04-06 06:07:07,134 [INFO] ThirdParty:939 - CMSIS Pack Vendor :STMicroelectronics X-CUBE-SUBG2 4.2.0
2024-04-06 06:07:07,134 [INFO] ThirdParty:939 - CMSIS Pack Vendor :STMicroelectronics X-CUBE-AZRTOS-H7 1.0.0
2024-04-06 06:07:07,134 [INFO] ThirdParty:939 - CMSIS Pack Vendor :STMicroelectronics X-CUBE-NFC6 3.0.0
2024-04-06 06:07:07,134 [INFO] ThirdParty:939 - CMSIS Pack Vendor :STMicroelectronics X-CUBE-TOF1 1.0.0
2024-04-06 06:07:07,135 [INFO] ThirdParty:939 - CMSIS Pack Vendor :STMicroelectronics X-CUBE-ALS 1.0.0
2024-04-06 06:07:07,135 [INFO] ThirdParty:939 - CMSIS Pack Vendor :STMicroelectronics X-CUBE-EEPRMA1 4.1.0
2024-04-06 06:07:07,135 [INFO] ThirdParty:939 - CMSIS Pack Vendor :portGmbH I-Cube-SoM-uGOAL 1.1.0
2024-04-06 06:07:07,135 [INFO] ThirdParty:939 - CMSIS Pack Vendor :STMicroelectronics X-CUBE-ALS 1.0.1
2024-04-06 06:07:07,135 [INFO] ThirdParty:939 - CMSIS Pack Vendor :STMicroelectronics X-CUBE-AI 7.0.0
2024-04-06 06:07:07,135 [INFO] ThirdParty:939 - CMSIS Pack Vendor :STMicroelectronics X-CUBE-AZRTOS-WB 1.1.0
2024-04-06 06:07:07,135 [INFO] ThirdParty:939 - CMSIS Pack Vendor :STMicroelectronics X-CUBE-AZRTOS-WL 2.0.0
2024-04-06 06:07:07,135 [INFO] ThirdParty:939 - CMSIS Pack Vendor :STMicroelectronics X-CUBE-ALGOBUILD 1.2.1
2024-04-06 06:07:07,135 [INFO] ThirdParty:939 - CMSIS Pack Vendor :SEGGER I-CUBE-embOS 1.3.1
2024-04-06 06:07:07,135 [INFO] ThirdParty:939 - CMSIS Pack Vendor :STMicroelectronics X-CUBE-DISPLAY 1.0.0
2024-04-06 06:07:07,135 [INFO] ThirdParty:939 - CMSIS Pack Vendor :STMicroelectronics USB_DEVICE 1.0.0
2024-04-06 06:07:07,135 [INFO] ThirdParty:939 - CMSIS Pack Vendor :STMicroelectronics X-CUBE-AI 8.1.0
2024-04-06 06:07:07,135 [INFO] ThirdParty:939 - CMSIS Pack Vendor :STMicroelectronics X-CUBE-EEPRMA1 3.1.0
2024-04-06 06:07:07,136 [INFO] ThirdParty:939 - CMSIS Pack Vendor :STMicroelectronics X-CUBE-AZRTOS-L4 2.0.0
2024-04-06 06:07:07,136 [INFO] ThirdParty:939 - CMSIS Pack Vendor :STMicroelectronics X-CUBE-GNSS1 5.2.0
2024-04-06 06:07:07,136 [INFO] ThirdParty:939 - CMSIS Pack Vendor :WES I-CUBE-Cesium 1.3.0
2024-04-06 06:07:07,136 [INFO] ThirdParty:939 - CMSIS Pack Vendor :STMicroelectronics X-CUBE-BLE1 6.1.0
2024-04-06 06:07:07,136 [INFO] ThirdParty:939 - CMSIS Pack Vendor :STMicroelectronics FP-ATR-ASTRA1 2.0.0
2024-04-06 06:07:07,136 [INFO] ThirdParty:939 - CMSIS Pack Vendor :STMicroelectronics lwIP 2.1.2
2024-04-06 06:07:07,136 [INFO] ThirdParty:939 - CMSIS Pack Vendor :STMicroelectronics X-CUBE-SFXS2LP1 4.0.0
2024-04-06 06:07:07,136 [INFO] ThirdParty:939 - CMSIS Pack Vendor :STMicroelectronics X-CUBE-BLE2 3.3.0
2024-04-06 06:07:07,136 [INFO] ThirdParty:939 - CMSIS Pack Vendor :STMicroelectronics X-CUBE-DISPLAY 2.2.0
2024-04-06 06:07:07,137 [INFO] ThirdParty:939 - CMSIS Pack Vendor :STMicroelectronics X-CUBE-AI 5.2.0
2024-04-06 06:07:07,137 [INFO] ThirdParty:939 - CMSIS Pack Vendor :STMicroelectronics X-CUBE-AZRTOS-H7 3.2.0
2024-04-06 06:07:07,137 [INFO] ThirdParty:939 - CMSIS Pack Vendor :STMicroelectronics X-CUBE-TOUCHGFX 4.16.0
2024-04-06 06:07:07,137 [INFO] ThirdParty:939 - CMSIS Pack Vendor :STMicroelectronics PDM2PCM 3.2.0
2024-04-06 06:07:07,137 [INFO] ThirdParty:939 - CMSIS Pack Vendor :STMicroelectronics X-CUBE-BLE2 3.1.0
2024-04-06 06:07:07,137 [INFO] ThirdParty:757 - exiting critical section [change project]
2024-04-06 06:07:07,500 [INFO] PinOutPanel:1434 - setPackage(No Configuration,No Configuration)
2024-04-06 06:07:07,503 [INFO] PinOutPanel:1434 - setPackage(STM32F401RETx,LQFP64)
2024-04-06 06:07:08,078 [INFO] UtilMem:74 - Before build in PCC Used Memory: 705631160 Bytes (1073741824)
2024-04-06 06:07:08,693 [INFO] SharedServices:72 - Folder for power plug-in: C:/Users/PATRICK A JOSEPH/.stm32cubemx/plugins/power
2024-04-06 06:07:08,771 [INFO] SharedServices:72 - Folder for power plug-in: C:/Users/PATRICK A JOSEPH/.stm32cubemx/plugins/power
2024-04-06 06:07:08,850 [INFO] SharedServices:72 - Folder for power plug-in: C:/Users/PATRICK A JOSEPH/.stm32cubemx/plugins/power
2024-04-06 06:07:08,859 [INFO] SharedServices:72 - Folder for power plug-in: C:/Users/PATRICK A JOSEPH/.stm32cubemx/plugins/power
2024-04-06 06:07:09,205 [INFO] UtilMem:74 - After build in PCC Used Memory: 425046064 Bytes (1073741824)
2024-04-06 06:07:09,231 [INFO] IPUIPlugin:64 - create IPUIPlugin
2024-04-06 06:07:09,231 [INFO] IPUIPlugin:64 - create IPUIPlugin
2024-04-06 06:07:09,232 [INFO] IPUIPlugin:64 - create IPUIPlugin
2024-04-06 06:07:09,233 [INFO] IPUIPlugin:64 - create IPUIPlugin
2024-04-06 06:07:09,233 [INFO] IPUIPlugin:64 - create IPUIPlugin
2024-04-06 06:07:09,234 [INFO] IPUIPlugin:64 - create IPUIPlugin
2024-04-06 06:07:09,234 [INFO] IPUIPlugin:64 - create IPUIPlugin
2024-04-06 06:07:09,234 [INFO] IPUIPlugin:64 - create IPUIPlugin
2024-04-06 06:07:09,235 [INFO] IPUIPlugin:64 - create IPUIPlugin
2024-04-06 06:07:09,235 [INFO] IPUIPlugin:64 - create IPUIPlugin
2024-04-06 06:07:09,236 [INFO] IPUIPlugin:64 - create IPUIPlugin
2024-04-06 06:07:09,236 [INFO] IPUIPlugin:64 - create IPUIPlugin
2024-04-06 06:07:09,237 [INFO] IPUIPlugin:64 - create IPUIPlugin
2024-04-06 06:07:09,237 [INFO] IPUIPlugin:64 - create IPUIPlugin
2024-04-06 06:07:09,238 [INFO] IPUIPlugin:64 - create IPUIPlugin
2024-04-06 06:07:09,238 [INFO] IPUIPlugin:64 - create IPUIPlugin
2024-04-06 06:07:09,239 [INFO] IPUIPlugin:64 - create IPUIPlugin
2024-04-06 06:07:09,239 [INFO] IPUIPlugin:64 - create IPUIPlugin
2024-04-06 06:07:09,240 [INFO] IPUIPlugin:64 - create IPUIPlugin
2024-04-06 06:07:09,240 [INFO] IPUIPlugin:64 - create IPUIPlugin
2024-04-06 06:07:09,241 [INFO] IPUIPlugin:64 - create IPUIPlugin
2024-04-06 06:07:09,242 [INFO] IPUIPlugin:64 - create IPUIPlugin
2024-04-06 06:07:09,242 [INFO] IPUIPlugin:64 - create IPUIPlugin
2024-04-06 06:07:09,242 [INFO] IPUIPlugin:64 - create IPUIPlugin
2024-04-06 06:07:09,243 [INFO] IPUIPlugin:64 - create IPUIPlugin
2024-04-06 06:07:09,243 [INFO] IPUIPlugin:64 - create IPUIPlugin
2024-04-06 06:07:09,244 [INFO] IPUIPlugin:64 - create IPUIPlugin
2024-04-06 06:07:09,244 [INFO] IPUIPlugin:64 - create IPUIPlugin
2024-04-06 06:07:09,244 [INFO] IPUIPlugin:64 - create IPUIPlugin
2024-04-06 06:07:09,244 [INFO] IPUIPlugin:64 - create IPUIPlugin
2024-04-06 06:07:09,245 [INFO] IPUIPlugin:64 - create IPUIPlugin
2024-04-06 06:07:09,245 [INFO] IPUIPlugin:64 - create IPUIPlugin
2024-04-06 06:07:09,245 [INFO] IPUIPlugin:64 - create IPUIPlugin
2024-04-06 06:07:09,246 [INFO] IPUIPlugin:64 - create IPUIPlugin
2024-04-06 06:07:09,246 [INFO] IPUIPlugin:64 - create IPUIPlugin
2024-04-06 06:07:09,246 [INFO] IPUIPlugin:64 - create IPUIPlugin
2024-04-06 06:07:09,247 [INFO] IPUIPlugin:64 - create IPUIPlugin
2024-04-06 06:07:09,247 [INFO] IPUIPlugin:64 - create IPUIPlugin
2024-04-06 06:07:09,339 [INFO] ApiDbMcu:456 - Load IP Config File for PDM2PCM
2024-04-06 06:07:09,378 [INFO] LogOutputStream:76 - [STDOUT_REDIRECT] toolchainItems.length=====1
2024-04-06 06:07:09,566 [INFO] OpenFileManager:294 - Restore cursor
2024-04-06 06:07:10,134 [INFO] UtilMem:74 - End SaveConfig() Used Memory: 499472656 Bytes (1073741824)
2024-04-06 06:07:10,226 [INFO] UtilMem:74 - End SaveConfig() Used Memory: 507361320 Bytes (1073741824)
2024-04-06 06:07:10,726 [INFO] BlockDiagram:2735 - set Specific Code input for plugin: NVIC
2024-04-06 06:07:10,726 [INFO] BlockDiagram:2735 - set Specific Code input for plugin: SYS
2024-04-06 06:07:10,727 [INFO] BlockDiagram:2735 - set Specific Code input for plugin: RCC
2024-04-06 06:07:10,729 [INFO] CodeGenerator:639 - code generatio: config db path: C:\ST\STM32CubeIDE_1.5.1_install\STM32CubeIDE\plugins\com.st.stm32cube.common.mx_6.1.1.202012091304\\db\
2024-04-06 06:07:11,170 [INFO] CodeEngine:229 - oldGeneratedFile, E:\Projects\System Diagnostics and Control Protocol\SDCP_STM32_new_1\SDCP_STM32_new_1\MXTmpFiles\license.tmp_save
2024-04-06 06:07:11,822 [INFO] CodeEngine:247 - Generated code: E:\Projects\System Diagnostics and Control Protocol\SDCP_STM32_new_1\SDCP_STM32_new_1\MXTmpFiles\license.tmp
2024-04-06 06:07:11,957 [INFO] CodeEngine:229 - oldGeneratedFile, E:\Projects\System Diagnostics and Control Protocol\SDCP_STM32_new_1\SDCP_STM32_new_1\Core\Src\stm32f4xx_it.c_save
2024-04-06 06:07:12,172 [INFO] CodeEngine:247 - Generated code: E:\Projects\System Diagnostics and Control Protocol\SDCP_STM32_new_1\SDCP_STM32_new_1\Core\Src\stm32f4xx_it.c
2024-04-06 06:07:12,178 [INFO] CodeEngine:229 - oldGeneratedFile, E:\Projects\System Diagnostics and Control Protocol\SDCP_STM32_new_1\SDCP_STM32_new_1\Core\Inc\stm32f4xx_it.h_save
2024-04-06 06:07:12,301 [INFO] CodeEngine:247 - Generated code: E:\Projects\System Diagnostics and Control Protocol\SDCP_STM32_new_1\SDCP_STM32_new_1\Core\Inc\stm32f4xx_it.h
2024-04-06 06:07:12,317 [INFO] CodeEngine:229 - oldGeneratedFile, E:\Projects\System Diagnostics and Control Protocol\SDCP_STM32_new_1\SDCP_STM32_new_1\Core\Src\stm32f4xx_hal_msp.c_save
2024-04-06 06:07:12,470 [INFO] CodeEngine:247 - Generated code: E:\Projects\System Diagnostics and Control Protocol\SDCP_STM32_new_1\SDCP_STM32_new_1\Core\Src\stm32f4xx_hal_msp.c
2024-04-06 06:07:12,476 [INFO] CodeEngine:229 - oldGeneratedFile, E:\Projects\System Diagnostics and Control Protocol\SDCP_STM32_new_1\SDCP_STM32_new_1\MXTmpFiles\system.tmp_save
2024-04-06 06:07:12,567 [INFO] CodeEngine:247 - Generated code: E:\Projects\System Diagnostics and Control Protocol\SDCP_STM32_new_1\SDCP_STM32_new_1\MXTmpFiles\system.tmp
2024-04-06 06:07:12,582 [INFO] CodeEngine:229 - oldGeneratedFile, E:\Projects\System Diagnostics and Control Protocol\SDCP_STM32_new_1\SDCP_STM32_new_1\Core\Inc\stm32f4xx_hal_conf.h_save
2024-04-06 06:07:12,704 [INFO] CodeEngine:247 - Generated code: E:\Projects\System Diagnostics and Control Protocol\SDCP_STM32_new_1\SDCP_STM32_new_1\Core\Inc\stm32f4xx_hal_conf.h
2024-04-06 06:07:12,774 [INFO] CodeEngine:229 - oldGeneratedFile, E:\Projects\System Diagnostics and Control Protocol\SDCP_STM32_new_1\SDCP_STM32_new_1\Core\Inc\main.h_save
2024-04-06 06:07:12,894 [INFO] CodeEngine:247 - Generated code: E:\Projects\System Diagnostics and Control Protocol\SDCP_STM32_new_1\SDCP_STM32_new_1\Core\Inc\main.h
2024-04-06 06:07:12,901 [INFO] CodeEngine:229 - oldGeneratedFile, E:\Projects\System Diagnostics and Control Protocol\SDCP_STM32_new_1\SDCP_STM32_new_1\Core\Src\main.c_save
2024-04-06 06:07:13,052 [INFO] CodeEngine:247 - Generated code: E:\Projects\System Diagnostics and Control Protocol\SDCP_STM32_new_1\SDCP_STM32_new_1\Core\Src\main.c
2024-04-06 06:07:14,232 [INFO] ProjectBuilder:2328 - Time for Copy HAL[1] : 122mS.
2024-04-06 06:07:14,241 [INFO] ProjectBuilder:3259 - Project Generator version: 3.11.2
2024-04-06 06:07:14,653 [INFO] ConfigFileManager:1238 - The Die is : DIE433
2024-04-06 06:07:14,671 [INFO] ApiDbMcu:456 - Load IP Config File for FATFS
2024-04-06 06:07:14,707 [INFO] ApiDbMcu:456 - Load IP Config File for FREERTOS
2024-04-06 06:07:14,713 [INFO] ApiDbMcu:456 - Load IP Config File for LIBJPEG
2024-04-06 06:07:14,754 [INFO] ApiDbMcu:456 - Load IP Config File for MBEDTLS
2024-04-06 06:07:14,793 [INFO] ApiDbMcu:456 - Load IP Config File for USB_DEVICE
2024-04-06 06:07:14,805 [INFO] ApiDbMcu:456 - Load IP Config File for USB_HOST
2024-04-06 06:07:21,252 [INFO] ProjectBuilder:3425 - Time for Generating toolchain IDE Files: 7011mS.
2024-04-06 06:07:21,254 [INFO] ProjectBuilder:2207 - Time for Copy CMSIS : 1mS.
2024-04-06 06:07:21,258 [INFO] ProjectBuilder:2207 - Time for Copy CMSIS : 0mS.
2024-04-06 06:07:22,198 [INFO] ApiDb:263 - Save user favorites file C:\Users\PATRICK A JOSEPH/.stm32cubeide/favorites.mcus.txt: 0 item(s)
2024-04-06 06:07:22,199 [INFO] ApiDb:267 - User favorites MCUs=[]
2024-04-06 06:08:38,713 [INFO] ADCParametersView:97 -                Rank 1 : false
2024-04-06 06:08:40,095 [INFO] UtilMem:74 - End SaveConfig() Used Memory: 822103216 Bytes (1073741824)
2024-04-06 06:08:41,227 [INFO] UtilMem:74 - End SaveConfig() Used Memory: 836398784 Bytes (1073741824)
2024-04-06 06:08:44,444 [INFO] UtilMem:74 - End SaveConfig() Used Memory: 662457896 Bytes (1073741824)
2024-04-06 06:08:44,944 [INFO] BlockDiagram:2735 - set Specific Code input for plugin: NVIC
2024-04-06 06:08:44,944 [INFO] BlockDiagram:2735 - set Specific Code input for plugin: SYS
2024-04-06 06:08:44,945 [INFO] BlockDiagram:2735 - set Specific Code input for plugin: GPIO
2024-04-06 06:08:44,945 [INFO] BlockDiagram:2735 - set Specific Code input for plugin: ADC
2024-04-06 06:08:44,945 [INFO] BlockDiagram:2735 - set Specific Code input for plugin: RCC
2024-04-06 06:08:44,946 [INFO] CodeGenerator:639 - code generatio: config db path: C:\ST\STM32CubeIDE_1.5.1_install\STM32CubeIDE\plugins\com.st.stm32cube.common.mx_6.1.1.202012091304\\db\
2024-04-06 06:08:45,277 [INFO] CodeEngine:229 - oldGeneratedFile, E:\Projects\System Diagnostics and Control Protocol\SDCP_STM32_new_1\SDCP_STM32_new_1\MXTmpFiles\license.tmp_save
2024-04-06 06:08:45,367 [INFO] CodeEngine:247 - Generated code: E:\Projects\System Diagnostics and Control Protocol\SDCP_STM32_new_1\SDCP_STM32_new_1\MXTmpFiles\license.tmp
2024-04-06 06:08:45,431 [INFO] CodeEngine:229 - oldGeneratedFile, E:\Projects\System Diagnostics and Control Protocol\SDCP_STM32_new_1\SDCP_STM32_new_1\MXTmpFiles\gpio.tmp_save
2024-04-06 06:08:45,537 [INFO] CodeEngine:247 - Generated code: E:\Projects\System Diagnostics and Control Protocol\SDCP_STM32_new_1\SDCP_STM32_new_1\MXTmpFiles\gpio.tmp
2024-04-06 06:08:45,707 [INFO] LogOutputStream:76 - [STDOUT_REDIRECT] Command line
2024-04-06 06:08:45,729 [INFO] CodeEngine:229 - oldGeneratedFile, E:\Projects\System Diagnostics and Control Protocol\SDCP_STM32_new_1\SDCP_STM32_new_1\Core\Src\stm32f4xx_it.c_save
2024-04-06 06:08:45,938 [INFO] CodeEngine:247 - Generated code: E:\Projects\System Diagnostics and Control Protocol\SDCP_STM32_new_1\SDCP_STM32_new_1\Core\Src\stm32f4xx_it.c
2024-04-06 06:08:46,001 [INFO] CodeEngine:229 - oldGeneratedFile, E:\Projects\System Diagnostics and Control Protocol\SDCP_STM32_new_1\SDCP_STM32_new_1\Core\Inc\stm32f4xx_it.h_save
2024-04-06 06:08:46,100 [INFO] CodeEngine:247 - Generated code: E:\Projects\System Diagnostics and Control Protocol\SDCP_STM32_new_1\SDCP_STM32_new_1\Core\Inc\stm32f4xx_it.h
2024-04-06 06:08:46,170 [INFO] CodeEngine:229 - oldGeneratedFile, E:\Projects\System Diagnostics and Control Protocol\SDCP_STM32_new_1\SDCP_STM32_new_1\Core\Src\stm32f4xx_hal_msp.c_save
2024-04-06 06:08:46,337 [INFO] CodeEngine:247 - Generated code: E:\Projects\System Diagnostics and Control Protocol\SDCP_STM32_new_1\SDCP_STM32_new_1\Core\Src\stm32f4xx_hal_msp.c
2024-04-06 06:08:46,341 [INFO] CodeEngine:229 - oldGeneratedFile, E:\Projects\System Diagnostics and Control Protocol\SDCP_STM32_new_1\SDCP_STM32_new_1\MXTmpFiles\system.tmp_save
2024-04-06 06:08:46,406 [INFO] CodeEngine:247 - Generated code: E:\Projects\System Diagnostics and Control Protocol\SDCP_STM32_new_1\SDCP_STM32_new_1\MXTmpFiles\system.tmp
2024-04-06 06:08:46,421 [INFO] CodeEngine:229 - oldGeneratedFile, E:\Projects\System Diagnostics and Control Protocol\SDCP_STM32_new_1\SDCP_STM32_new_1\Core\Inc\stm32f4xx_hal_conf.h_save
2024-04-06 06:08:46,631 [INFO] CodeEngine:247 - Generated code: E:\Projects\System Diagnostics and Control Protocol\SDCP_STM32_new_1\SDCP_STM32_new_1\Core\Inc\stm32f4xx_hal_conf.h
2024-04-06 06:08:46,680 [INFO] CodeEngine:229 - oldGeneratedFile, E:\Projects\System Diagnostics and Control Protocol\SDCP_STM32_new_1\SDCP_STM32_new_1\Core\Inc\main.h_save
2024-04-06 06:08:46,757 [INFO] CodeEngine:247 - Generated code: E:\Projects\System Diagnostics and Control Protocol\SDCP_STM32_new_1\SDCP_STM32_new_1\Core\Inc\main.h
2024-04-06 06:08:46,763 [INFO] CodeEngine:229 - oldGeneratedFile, E:\Projects\System Diagnostics and Control Protocol\SDCP_STM32_new_1\SDCP_STM32_new_1\Core\Src\main.c_save
2024-04-06 06:08:46,973 [INFO] CodeEngine:247 - Generated code: E:\Projects\System Diagnostics and Control Protocol\SDCP_STM32_new_1\SDCP_STM32_new_1\Core\Src\main.c
2024-04-06 06:08:47,960 [INFO] ProjectBuilder:2328 - Time for Copy HAL[1] : 293mS.
2024-04-06 06:08:47,965 [INFO] ProjectBuilder:3259 - Project Generator version: 3.11.2
2024-04-06 06:08:48,382 [INFO] ConfigFileManager:1238 - The Die is : DIE433
2024-04-06 06:08:50,792 [INFO] ProjectBuilder:3425 - Time for Generating toolchain IDE Files: 2827mS.
2024-04-06 06:08:50,794 [INFO] ProjectBuilder:2207 - Time for Copy CMSIS : 1mS.
2024-04-06 06:08:50,796 [INFO] ProjectBuilder:2207 - Time for Copy CMSIS : 0mS.
2024-04-20 14:26:49,341 [INFO] Activator:170 - 


2024-04-20 14:26:49,361 [INFO] Activator:171 - !SESSION log4j initialized
2024-04-27 17:35:54,509 [INFO] Activator:170 - 


2024-04-27 17:35:54,531 [INFO] Activator:171 - !SESSION log4j initialized
2024-04-28 21:13:53,251 [INFO] Activator:170 - 


2024-04-28 21:13:53,267 [INFO] Activator:171 - !SESSION log4j initialized
2024-05-06 06:47:03,185 [INFO] Activator:170 - 


2024-05-06 06:47:03,199 [INFO] Activator:171 - !SESSION log4j initialized
2024-05-10 05:20:45,659 [INFO] Activator:170 - 


2024-05-10 05:20:45,681 [INFO] Activator:171 - !SESSION log4j initialized
2024-05-11 14:58:13,343 [INFO] Activator:170 - 


2024-05-11 14:58:13,482 [INFO] Activator:171 - !SESSION log4j initialized
2024-05-12 18:03:05,196 [INFO] Activator:170 - 


2024-05-12 18:03:05,204 [INFO] Activator:171 - !SESSION log4j initialized
2024-05-12 20:08:05,660 [INFO] Activator:170 - 


2024-05-12 20:08:05,695 [INFO] Activator:171 - !SESSION log4j initialized
2024-05-17 21:00:55,877 [INFO] Activator:170 - 


2024-05-17 21:00:55,931 [INFO] Activator:171 - !SESSION log4j initialized
2024-05-19 22:06:05,509 [INFO] Activator:170 - 


2024-05-19 22:06:05,528 [INFO] Activator:171 - !SESSION log4j initialized
2024-05-21 21:19:36,232 [INFO] Activator:170 - 


2024-05-21 21:19:36,244 [INFO] Activator:171 - !SESSION log4j initialized
2024-05-21 23:59:16,586 [INFO] Activator:170 - 


2024-05-21 23:59:16,590 [INFO] Activator:171 - !SESSION log4j initialized
2024-06-01 22:52:26,222 [INFO] Activator:170 - 


2024-06-01 22:52:26,233 [INFO] Activator:171 - !SESSION log4j initialized
2024-06-09 11:52:05,352 [INFO] Activator:170 - 


2024-06-09 11:52:05,439 [INFO] Activator:171 - !SESSION log4j initialized
2024-06-09 18:38:17,678 [INFO] Activator:170 - 


2024-06-09 18:38:17,686 [INFO] Activator:171 - !SESSION log4j initialized
2024-06-12 20:34:58,200 [INFO] Activator:170 - 


2024-06-12 20:34:58,210 [INFO] Activator:171 - !SESSION log4j initialized
2024-06-18 22:47:35,913 [INFO] Activator:170 - 


2024-06-18 22:47:35,931 [INFO] Activator:171 - !SESSION log4j initialized
